   1              		.cpu cortex-m0
   2              		.fpu softvfp
   3              		.eabi_attribute 20, 1
   4              		.eabi_attribute 21, 1
   5              		.eabi_attribute 23, 3
   6              		.eabi_attribute 24, 1
   7              		.eabi_attribute 25, 1
   8              		.eabi_attribute 26, 1
   9              		.eabi_attribute 30, 4
  10              		.eabi_attribute 34, 0
  11              		.eabi_attribute 18, 4
  12              		.code	16
  13              		.file	"stm32f0xx_exti.c"
  14              		.text
  15              	.Ltext0:
  16              		.cfi_sections	.debug_frame
  17              		.section	.text.EXTI_DeInit,"ax",%progbits
  18              		.align	1
  19              		.global	EXTI_DeInit
  20              		.code	16
  21              		.thumb_func
  23              	EXTI_DeInit:
  24              	.LFB33:
  25              		.file 1 "../Libraries/STM32F0xx_StdPeriph_Driver/src/stm32f0xx_exti.c"
   1:../Libraries/STM32F0xx_StdPeriph_Driver/src/stm32f0xx_exti.c **** /**
   2:../Libraries/STM32F0xx_StdPeriph_Driver/src/stm32f0xx_exti.c ****   ******************************************************************************
   3:../Libraries/STM32F0xx_StdPeriph_Driver/src/stm32f0xx_exti.c ****   * @file    stm32f0xx_exti.c
   4:../Libraries/STM32F0xx_StdPeriph_Driver/src/stm32f0xx_exti.c ****   * @author  MCD Application Team
   5:../Libraries/STM32F0xx_StdPeriph_Driver/src/stm32f0xx_exti.c ****   * @version V1.5.0
   6:../Libraries/STM32F0xx_StdPeriph_Driver/src/stm32f0xx_exti.c ****   * @date    05-December-2014
   7:../Libraries/STM32F0xx_StdPeriph_Driver/src/stm32f0xx_exti.c ****   * @brief   This file provides firmware functions to manage the following 
   8:../Libraries/STM32F0xx_StdPeriph_Driver/src/stm32f0xx_exti.c ****   *          functionalities of the EXTI peripheral:
   9:../Libraries/STM32F0xx_StdPeriph_Driver/src/stm32f0xx_exti.c ****   *           + Initialization and Configuration
  10:../Libraries/STM32F0xx_StdPeriph_Driver/src/stm32f0xx_exti.c ****   *           + Interrupts and flags management
  11:../Libraries/STM32F0xx_StdPeriph_Driver/src/stm32f0xx_exti.c ****   *
  12:../Libraries/STM32F0xx_StdPeriph_Driver/src/stm32f0xx_exti.c ****   *  @verbatim
  13:../Libraries/STM32F0xx_StdPeriph_Driver/src/stm32f0xx_exti.c ****   ==============================================================================
  14:../Libraries/STM32F0xx_StdPeriph_Driver/src/stm32f0xx_exti.c ****                             ##### EXTI features ##### 
  15:../Libraries/STM32F0xx_StdPeriph_Driver/src/stm32f0xx_exti.c ****   ==============================================================================
  16:../Libraries/STM32F0xx_StdPeriph_Driver/src/stm32f0xx_exti.c ****     [..] External interrupt/event lines are mapped as following:
  17:../Libraries/STM32F0xx_StdPeriph_Driver/src/stm32f0xx_exti.c ****          (#) All available GPIO pins are connected to the 16 external 
  18:../Libraries/STM32F0xx_StdPeriph_Driver/src/stm32f0xx_exti.c ****              interrupt/event lines from EXTI0 to EXTI15.
  19:../Libraries/STM32F0xx_StdPeriph_Driver/src/stm32f0xx_exti.c ****          (#) EXTI line 16 is connected to the PVD output, not applicable for STM32F030 devices.
  20:../Libraries/STM32F0xx_StdPeriph_Driver/src/stm32f0xx_exti.c ****          (#) EXTI line 17 is connected to the RTC Alarm event.
  21:../Libraries/STM32F0xx_StdPeriph_Driver/src/stm32f0xx_exti.c ****          (#) EXTI line 18 is connected to the RTC Alarm event, applicable only for STM32F072 device
  22:../Libraries/STM32F0xx_StdPeriph_Driver/src/stm32f0xx_exti.c ****          (#) EXTI line 19 is connected to the RTC Tamper and TimeStamp events.
  23:../Libraries/STM32F0xx_StdPeriph_Driver/src/stm32f0xx_exti.c ****          (#) EXTI line 20 is connected to the RTC wakeup event, applicable only for STM32F072 devic
  24:../Libraries/STM32F0xx_StdPeriph_Driver/src/stm32f0xx_exti.c ****          (#) EXTI line 21 is connected to the Comparator 1 wakeup event, applicable only for STM32F
  25:../Libraries/STM32F0xx_StdPeriph_Driver/src/stm32f0xx_exti.c ****          (#) EXTI line 22 is connected to the Comparator 2 wakeup event, applicable only for STM32F
  26:../Libraries/STM32F0xx_StdPeriph_Driver/src/stm32f0xx_exti.c ****          (#) EXTI line 23 is connected to the I2C1 wakeup event, not applicable for STM32F030 devic
  27:../Libraries/STM32F0xx_StdPeriph_Driver/src/stm32f0xx_exti.c ****          (#) EXTI line 25 is connected to the USART1 wakeup event, not applicable for STM32F030 dev
  28:../Libraries/STM32F0xx_StdPeriph_Driver/src/stm32f0xx_exti.c ****          (#) EXTI line 26 is connected to the USART2 wakeup event, applicable only for STM32F072 de
  29:../Libraries/STM32F0xx_StdPeriph_Driver/src/stm32f0xx_exti.c ****          (#) EXTI line 27 is connected to the CEC wakeup event, applicable only for STM32F051 and S
  30:../Libraries/STM32F0xx_StdPeriph_Driver/src/stm32f0xx_exti.c ****          (#) EXTI line 31 is connected to the VDD USB monitor event, applicable only for STM32F072 
  31:../Libraries/STM32F0xx_StdPeriph_Driver/src/stm32f0xx_exti.c **** 
  32:../Libraries/STM32F0xx_StdPeriph_Driver/src/stm32f0xx_exti.c ****                        ##### How to use this driver ##### 
  33:../Libraries/STM32F0xx_StdPeriph_Driver/src/stm32f0xx_exti.c ****   ==============================================================================
  34:../Libraries/STM32F0xx_StdPeriph_Driver/src/stm32f0xx_exti.c ****     [..] In order to use an I/O pin as an external interrupt source, follow
  35:../Libraries/STM32F0xx_StdPeriph_Driver/src/stm32f0xx_exti.c ****          steps below:
  36:../Libraries/STM32F0xx_StdPeriph_Driver/src/stm32f0xx_exti.c ****     (#) Configure the I/O in input mode using GPIO_Init()
  37:../Libraries/STM32F0xx_StdPeriph_Driver/src/stm32f0xx_exti.c ****     (#) Select the input source pin for the EXTI line using 
  38:../Libraries/STM32F0xx_StdPeriph_Driver/src/stm32f0xx_exti.c ****         SYSCFG_EXTILineConfig().
  39:../Libraries/STM32F0xx_StdPeriph_Driver/src/stm32f0xx_exti.c ****     (#) Select the mode(interrupt, event) and configure the trigger selection 
  40:../Libraries/STM32F0xx_StdPeriph_Driver/src/stm32f0xx_exti.c ****        (Rising, falling or both) using EXTI_Init(). For the internal interrupt,
  41:../Libraries/STM32F0xx_StdPeriph_Driver/src/stm32f0xx_exti.c ****        the trigger selection is not needed( the active edge is always the rising one).
  42:../Libraries/STM32F0xx_StdPeriph_Driver/src/stm32f0xx_exti.c ****     (#) Configure NVIC IRQ channel mapped to the EXTI line using NVIC_Init().
  43:../Libraries/STM32F0xx_StdPeriph_Driver/src/stm32f0xx_exti.c ****     (#) Optionally, you can generate a software interrupt using the function EXTI_GenerateSWInterru
  44:../Libraries/STM32F0xx_StdPeriph_Driver/src/stm32f0xx_exti.c ****     [..]
  45:../Libraries/STM32F0xx_StdPeriph_Driver/src/stm32f0xx_exti.c ****     (@) SYSCFG APB clock must be enabled to get write access to SYSCFG_EXTICRx
  46:../Libraries/STM32F0xx_StdPeriph_Driver/src/stm32f0xx_exti.c ****       registers using RCC_APB2PeriphClockCmd(RCC_APB2Periph_SYSCFG, ENABLE);
  47:../Libraries/STM32F0xx_StdPeriph_Driver/src/stm32f0xx_exti.c ****     @endverbatim
  48:../Libraries/STM32F0xx_StdPeriph_Driver/src/stm32f0xx_exti.c ****   *
  49:../Libraries/STM32F0xx_StdPeriph_Driver/src/stm32f0xx_exti.c ****   ******************************************************************************
  50:../Libraries/STM32F0xx_StdPeriph_Driver/src/stm32f0xx_exti.c ****   * @attention
  51:../Libraries/STM32F0xx_StdPeriph_Driver/src/stm32f0xx_exti.c ****   *
  52:../Libraries/STM32F0xx_StdPeriph_Driver/src/stm32f0xx_exti.c ****   * <h2><center>&copy; COPYRIGHT 2014 STMicroelectronics</center></h2>
  53:../Libraries/STM32F0xx_StdPeriph_Driver/src/stm32f0xx_exti.c ****   *
  54:../Libraries/STM32F0xx_StdPeriph_Driver/src/stm32f0xx_exti.c ****   * Licensed under MCD-ST Liberty SW License Agreement V2, (the "License");
  55:../Libraries/STM32F0xx_StdPeriph_Driver/src/stm32f0xx_exti.c ****   * You may not use this file except in compliance with the License.
  56:../Libraries/STM32F0xx_StdPeriph_Driver/src/stm32f0xx_exti.c ****   * You may obtain a copy of the License at:
  57:../Libraries/STM32F0xx_StdPeriph_Driver/src/stm32f0xx_exti.c ****   *
  58:../Libraries/STM32F0xx_StdPeriph_Driver/src/stm32f0xx_exti.c ****   *        http://www.st.com/software_license_agreement_liberty_v2
  59:../Libraries/STM32F0xx_StdPeriph_Driver/src/stm32f0xx_exti.c ****   *
  60:../Libraries/STM32F0xx_StdPeriph_Driver/src/stm32f0xx_exti.c ****   * Unless required by applicable law or agreed to in writing, software 
  61:../Libraries/STM32F0xx_StdPeriph_Driver/src/stm32f0xx_exti.c ****   * distributed under the License is distributed on an "AS IS" BASIS, 
  62:../Libraries/STM32F0xx_StdPeriph_Driver/src/stm32f0xx_exti.c ****   * WITHOUT WARRANTIES OR CONDITIONS OF ANY KIND, either express or implied.
  63:../Libraries/STM32F0xx_StdPeriph_Driver/src/stm32f0xx_exti.c ****   * See the License for the specific language governing permissions and
  64:../Libraries/STM32F0xx_StdPeriph_Driver/src/stm32f0xx_exti.c ****   * limitations under the License.
  65:../Libraries/STM32F0xx_StdPeriph_Driver/src/stm32f0xx_exti.c ****   *
  66:../Libraries/STM32F0xx_StdPeriph_Driver/src/stm32f0xx_exti.c ****   ******************************************************************************
  67:../Libraries/STM32F0xx_StdPeriph_Driver/src/stm32f0xx_exti.c ****   */
  68:../Libraries/STM32F0xx_StdPeriph_Driver/src/stm32f0xx_exti.c **** 
  69:../Libraries/STM32F0xx_StdPeriph_Driver/src/stm32f0xx_exti.c **** /* Includes ------------------------------------------------------------------*/
  70:../Libraries/STM32F0xx_StdPeriph_Driver/src/stm32f0xx_exti.c **** #include "stm32f0xx_exti.h"
  71:../Libraries/STM32F0xx_StdPeriph_Driver/src/stm32f0xx_exti.c **** 
  72:../Libraries/STM32F0xx_StdPeriph_Driver/src/stm32f0xx_exti.c **** /** @addtogroup STM32F0xx_StdPeriph_Driver
  73:../Libraries/STM32F0xx_StdPeriph_Driver/src/stm32f0xx_exti.c ****   * @{
  74:../Libraries/STM32F0xx_StdPeriph_Driver/src/stm32f0xx_exti.c ****   */
  75:../Libraries/STM32F0xx_StdPeriph_Driver/src/stm32f0xx_exti.c **** 
  76:../Libraries/STM32F0xx_StdPeriph_Driver/src/stm32f0xx_exti.c **** /** @defgroup EXTI 
  77:../Libraries/STM32F0xx_StdPeriph_Driver/src/stm32f0xx_exti.c ****   * @brief EXTI driver modules
  78:../Libraries/STM32F0xx_StdPeriph_Driver/src/stm32f0xx_exti.c ****   * @{
  79:../Libraries/STM32F0xx_StdPeriph_Driver/src/stm32f0xx_exti.c ****   */
  80:../Libraries/STM32F0xx_StdPeriph_Driver/src/stm32f0xx_exti.c **** 
  81:../Libraries/STM32F0xx_StdPeriph_Driver/src/stm32f0xx_exti.c **** /* Private typedef -----------------------------------------------------------*/
  82:../Libraries/STM32F0xx_StdPeriph_Driver/src/stm32f0xx_exti.c **** /* Private define ------------------------------------------------------------*/
  83:../Libraries/STM32F0xx_StdPeriph_Driver/src/stm32f0xx_exti.c **** #define EXTI_LINENONE     ((uint32_t)0x00000)        /* No interrupt selected */
  84:../Libraries/STM32F0xx_StdPeriph_Driver/src/stm32f0xx_exti.c **** 
  85:../Libraries/STM32F0xx_StdPeriph_Driver/src/stm32f0xx_exti.c **** /* Private macro -------------------------------------------------------------*/
  86:../Libraries/STM32F0xx_StdPeriph_Driver/src/stm32f0xx_exti.c **** /* Private variables ---------------------------------------------------------*/
  87:../Libraries/STM32F0xx_StdPeriph_Driver/src/stm32f0xx_exti.c **** /* Private function prototypes -----------------------------------------------*/
  88:../Libraries/STM32F0xx_StdPeriph_Driver/src/stm32f0xx_exti.c **** /* Private functions ---------------------------------------------------------*/
  89:../Libraries/STM32F0xx_StdPeriph_Driver/src/stm32f0xx_exti.c **** 
  90:../Libraries/STM32F0xx_StdPeriph_Driver/src/stm32f0xx_exti.c **** /** @defgroup EXTI_Private_Functions
  91:../Libraries/STM32F0xx_StdPeriph_Driver/src/stm32f0xx_exti.c ****   * @{
  92:../Libraries/STM32F0xx_StdPeriph_Driver/src/stm32f0xx_exti.c ****   */
  93:../Libraries/STM32F0xx_StdPeriph_Driver/src/stm32f0xx_exti.c **** 
  94:../Libraries/STM32F0xx_StdPeriph_Driver/src/stm32f0xx_exti.c **** /** @defgroup EXTI_Group1 Initialization and Configuration functions
  95:../Libraries/STM32F0xx_StdPeriph_Driver/src/stm32f0xx_exti.c ****  *  @brief   Initialization and Configuration functions 
  96:../Libraries/STM32F0xx_StdPeriph_Driver/src/stm32f0xx_exti.c ****  *
  97:../Libraries/STM32F0xx_StdPeriph_Driver/src/stm32f0xx_exti.c **** @verbatim   
  98:../Libraries/STM32F0xx_StdPeriph_Driver/src/stm32f0xx_exti.c ****   ==============================================================================
  99:../Libraries/STM32F0xx_StdPeriph_Driver/src/stm32f0xx_exti.c ****             ##### Initialization and Configuration functions #####
 100:../Libraries/STM32F0xx_StdPeriph_Driver/src/stm32f0xx_exti.c ****   ==============================================================================
 101:../Libraries/STM32F0xx_StdPeriph_Driver/src/stm32f0xx_exti.c **** 
 102:../Libraries/STM32F0xx_StdPeriph_Driver/src/stm32f0xx_exti.c **** @endverbatim
 103:../Libraries/STM32F0xx_StdPeriph_Driver/src/stm32f0xx_exti.c ****   * @{
 104:../Libraries/STM32F0xx_StdPeriph_Driver/src/stm32f0xx_exti.c ****   */
 105:../Libraries/STM32F0xx_StdPeriph_Driver/src/stm32f0xx_exti.c **** 
 106:../Libraries/STM32F0xx_StdPeriph_Driver/src/stm32f0xx_exti.c **** /**
 107:../Libraries/STM32F0xx_StdPeriph_Driver/src/stm32f0xx_exti.c ****   * @brief  Deinitializes the EXTI peripheral registers to their default reset 
 108:../Libraries/STM32F0xx_StdPeriph_Driver/src/stm32f0xx_exti.c ****   *         values.
 109:../Libraries/STM32F0xx_StdPeriph_Driver/src/stm32f0xx_exti.c ****   * @param  None
 110:../Libraries/STM32F0xx_StdPeriph_Driver/src/stm32f0xx_exti.c ****   * @retval None
 111:../Libraries/STM32F0xx_StdPeriph_Driver/src/stm32f0xx_exti.c ****   */
 112:../Libraries/STM32F0xx_StdPeriph_Driver/src/stm32f0xx_exti.c **** void EXTI_DeInit(void)
 113:../Libraries/STM32F0xx_StdPeriph_Driver/src/stm32f0xx_exti.c **** {
  26              		.loc 1 113 0
  27              		.cfi_startproc
 114:../Libraries/STM32F0xx_StdPeriph_Driver/src/stm32f0xx_exti.c ****   EXTI->IMR = 0x0F940000;
  28              		.loc 1 114 0
  29 0000 044B     		ldr	r3, .L2
  30 0002 0549     		ldr	r1, .L2+4
 115:../Libraries/STM32F0xx_StdPeriph_Driver/src/stm32f0xx_exti.c ****   EXTI->EMR = 0x00000000;
 116:../Libraries/STM32F0xx_StdPeriph_Driver/src/stm32f0xx_exti.c ****   EXTI->RTSR = 0x00000000;
 117:../Libraries/STM32F0xx_StdPeriph_Driver/src/stm32f0xx_exti.c ****   EXTI->FTSR = 0x00000000;
 118:../Libraries/STM32F0xx_StdPeriph_Driver/src/stm32f0xx_exti.c ****   EXTI->PR = 0x006BFFFF;
  31              		.loc 1 118 0
  32 0004 054A     		ldr	r2, .L2+8
 115:../Libraries/STM32F0xx_StdPeriph_Driver/src/stm32f0xx_exti.c ****   EXTI->EMR = 0x00000000;
  33              		.loc 1 115 0
  34 0006 0020     		mov	r0, #0
 114:../Libraries/STM32F0xx_StdPeriph_Driver/src/stm32f0xx_exti.c ****   EXTI->IMR = 0x0F940000;
  35              		.loc 1 114 0
  36 0008 1960     		str	r1, [r3]
  37              		@ sp needed for prologue
 115:../Libraries/STM32F0xx_StdPeriph_Driver/src/stm32f0xx_exti.c ****   EXTI->EMR = 0x00000000;
  38              		.loc 1 115 0
  39 000a 5860     		str	r0, [r3, #4]
 116:../Libraries/STM32F0xx_StdPeriph_Driver/src/stm32f0xx_exti.c ****   EXTI->RTSR = 0x00000000;
  40              		.loc 1 116 0
  41 000c 9860     		str	r0, [r3, #8]
 117:../Libraries/STM32F0xx_StdPeriph_Driver/src/stm32f0xx_exti.c ****   EXTI->FTSR = 0x00000000;
  42              		.loc 1 117 0
  43 000e D860     		str	r0, [r3, #12]
  44              		.loc 1 118 0
  45 0010 5A61     		str	r2, [r3, #20]
 119:../Libraries/STM32F0xx_StdPeriph_Driver/src/stm32f0xx_exti.c **** }
  46              		.loc 1 119 0
  47 0012 7047     		bx	lr
  48              	.L3:
  49              		.align	2
  50              	.L2:
  51 0014 00040140 		.word	1073808384
  52 0018 0000940F 		.word	261357568
  53 001c FFFF6B00 		.word	7077887
  54              		.cfi_endproc
  55              	.LFE33:
  57              		.section	.text.EXTI_Init,"ax",%progbits
  58              		.align	1
  59              		.global	EXTI_Init
  60              		.code	16
  61              		.thumb_func
  63              	EXTI_Init:
  64              	.LFB34:
 120:../Libraries/STM32F0xx_StdPeriph_Driver/src/stm32f0xx_exti.c **** 
 121:../Libraries/STM32F0xx_StdPeriph_Driver/src/stm32f0xx_exti.c **** /**
 122:../Libraries/STM32F0xx_StdPeriph_Driver/src/stm32f0xx_exti.c ****   * @brief  Initializes the EXTI peripheral according to the specified
 123:../Libraries/STM32F0xx_StdPeriph_Driver/src/stm32f0xx_exti.c ****   *         parameters in the EXTI_InitStruct.
 124:../Libraries/STM32F0xx_StdPeriph_Driver/src/stm32f0xx_exti.c ****   * @param  EXTI_InitStruct: pointer to a EXTI_InitTypeDef structure that 
 125:../Libraries/STM32F0xx_StdPeriph_Driver/src/stm32f0xx_exti.c ****   *         contains the configuration information for the EXTI peripheral.
 126:../Libraries/STM32F0xx_StdPeriph_Driver/src/stm32f0xx_exti.c ****   * @retval None
 127:../Libraries/STM32F0xx_StdPeriph_Driver/src/stm32f0xx_exti.c ****   */
 128:../Libraries/STM32F0xx_StdPeriph_Driver/src/stm32f0xx_exti.c **** void EXTI_Init(EXTI_InitTypeDef* EXTI_InitStruct)
 129:../Libraries/STM32F0xx_StdPeriph_Driver/src/stm32f0xx_exti.c **** {
  65              		.loc 1 129 0
  66              		.cfi_startproc
  67 0000 10B5     		push	{r4, lr}
  68              	.LCFI0:
  69              		.cfi_def_cfa_offset 8
  70              		.cfi_offset 4, -8
  71              		.cfi_offset 14, -4
  72              	.LVL0:
 130:../Libraries/STM32F0xx_StdPeriph_Driver/src/stm32f0xx_exti.c ****   uint32_t tmp = 0;
 131:../Libraries/STM32F0xx_StdPeriph_Driver/src/stm32f0xx_exti.c **** 
 132:../Libraries/STM32F0xx_StdPeriph_Driver/src/stm32f0xx_exti.c ****   /* Check the parameters */
 133:../Libraries/STM32F0xx_StdPeriph_Driver/src/stm32f0xx_exti.c ****   assert_param(IS_EXTI_MODE(EXTI_InitStruct->EXTI_Mode));
 134:../Libraries/STM32F0xx_StdPeriph_Driver/src/stm32f0xx_exti.c ****   assert_param(IS_EXTI_TRIGGER(EXTI_InitStruct->EXTI_Trigger));
 135:../Libraries/STM32F0xx_StdPeriph_Driver/src/stm32f0xx_exti.c ****   assert_param(IS_EXTI_LINE(EXTI_InitStruct->EXTI_Line));
 136:../Libraries/STM32F0xx_StdPeriph_Driver/src/stm32f0xx_exti.c ****   assert_param(IS_FUNCTIONAL_STATE(EXTI_InitStruct->EXTI_LineCmd));
 137:../Libraries/STM32F0xx_StdPeriph_Driver/src/stm32f0xx_exti.c **** 
 138:../Libraries/STM32F0xx_StdPeriph_Driver/src/stm32f0xx_exti.c ****   tmp = (uint32_t)EXTI_BASE;
 139:../Libraries/STM32F0xx_StdPeriph_Driver/src/stm32f0xx_exti.c **** 
 140:../Libraries/STM32F0xx_StdPeriph_Driver/src/stm32f0xx_exti.c ****   if (EXTI_InitStruct->EXTI_LineCmd != DISABLE)
  73              		.loc 1 140 0
  74 0002 8379     		ldrb	r3, [r0, #6]
  75 0004 0268     		ldr	r2, [r0]
  76 0006 002B     		cmp	r3, #0
  77 0008 23D0     		beq	.L5
 141:../Libraries/STM32F0xx_StdPeriph_Driver/src/stm32f0xx_exti.c ****   {
 142:../Libraries/STM32F0xx_StdPeriph_Driver/src/stm32f0xx_exti.c ****     /* Clear EXTI line configuration */
 143:../Libraries/STM32F0xx_StdPeriph_Driver/src/stm32f0xx_exti.c ****     EXTI->IMR &= ~EXTI_InitStruct->EXTI_Line;
  78              		.loc 1 143 0
  79 000a 164B     		ldr	r3, .L9
  80 000c D143     		mvn	r1, r2
  81 000e 1C68     		ldr	r4, [r3]
  82 0010 0C40     		and	r4, r1
  83 0012 1C60     		str	r4, [r3]
 144:../Libraries/STM32F0xx_StdPeriph_Driver/src/stm32f0xx_exti.c ****     EXTI->EMR &= ~EXTI_InitStruct->EXTI_Line;
  84              		.loc 1 144 0
  85 0014 5C68     		ldr	r4, [r3, #4]
  86 0016 2140     		and	r1, r4
  87 0018 5960     		str	r1, [r3, #4]
  88              	.LVL1:
 145:../Libraries/STM32F0xx_StdPeriph_Driver/src/stm32f0xx_exti.c **** 
 146:../Libraries/STM32F0xx_StdPeriph_Driver/src/stm32f0xx_exti.c ****     tmp += EXTI_InitStruct->EXTI_Mode;
  89              		.loc 1 146 0
  90 001a 0179     		ldrb	r1, [r0, #4]
  91 001c C918     		add	r1, r1, r3
 147:../Libraries/STM32F0xx_StdPeriph_Driver/src/stm32f0xx_exti.c **** 
 148:../Libraries/STM32F0xx_StdPeriph_Driver/src/stm32f0xx_exti.c ****     *(__IO uint32_t *) tmp |= EXTI_InitStruct->EXTI_Line;
  92              		.loc 1 148 0
  93 001e 0C68     		ldr	r4, [r1]
  94 0020 2243     		orr	r2, r4
  95 0022 0A60     		str	r2, [r1]
 149:../Libraries/STM32F0xx_StdPeriph_Driver/src/stm32f0xx_exti.c **** 
 150:../Libraries/STM32F0xx_StdPeriph_Driver/src/stm32f0xx_exti.c ****     /* Clear Rising Falling edge configuration */
 151:../Libraries/STM32F0xx_StdPeriph_Driver/src/stm32f0xx_exti.c ****     EXTI->RTSR &= ~EXTI_InitStruct->EXTI_Line;
  96              		.loc 1 151 0
  97 0024 0268     		ldr	r2, [r0]
  98 0026 9C68     		ldr	r4, [r3, #8]
  99 0028 D143     		mvn	r1, r2
 100 002a 0C40     		and	r4, r1
 101 002c 9C60     		str	r4, [r3, #8]
 152:../Libraries/STM32F0xx_StdPeriph_Driver/src/stm32f0xx_exti.c ****     EXTI->FTSR &= ~EXTI_InitStruct->EXTI_Line;
 102              		.loc 1 152 0
 103 002e DC68     		ldr	r4, [r3, #12]
 104 0030 2140     		and	r1, r4
 105 0032 D960     		str	r1, [r3, #12]
 153:../Libraries/STM32F0xx_StdPeriph_Driver/src/stm32f0xx_exti.c **** 
 154:../Libraries/STM32F0xx_StdPeriph_Driver/src/stm32f0xx_exti.c ****     /* Select the trigger for the selected interrupts */
 155:../Libraries/STM32F0xx_StdPeriph_Driver/src/stm32f0xx_exti.c ****     if (EXTI_InitStruct->EXTI_Trigger == EXTI_Trigger_Rising_Falling)
 106              		.loc 1 155 0
 107 0034 4179     		ldrb	r1, [r0, #5]
 108 0036 1029     		cmp	r1, #16
 109 0038 06D1     		bne	.L6
 156:../Libraries/STM32F0xx_StdPeriph_Driver/src/stm32f0xx_exti.c ****     {
 157:../Libraries/STM32F0xx_StdPeriph_Driver/src/stm32f0xx_exti.c ****       /* Rising Falling edge */
 158:../Libraries/STM32F0xx_StdPeriph_Driver/src/stm32f0xx_exti.c ****       EXTI->RTSR |= EXTI_InitStruct->EXTI_Line;
 110              		.loc 1 158 0
 111 003a 9968     		ldr	r1, [r3, #8]
 112 003c 1143     		orr	r1, r2
 113 003e 9960     		str	r1, [r3, #8]
 159:../Libraries/STM32F0xx_StdPeriph_Driver/src/stm32f0xx_exti.c ****       EXTI->FTSR |= EXTI_InitStruct->EXTI_Line;
 114              		.loc 1 159 0
 115 0040 D868     		ldr	r0, [r3, #12]
 116              	.LVL2:
 117 0042 0243     		orr	r2, r0
 118 0044 DA60     		str	r2, [r3, #12]
 119 0046 0BE0     		b	.L4
 120              	.LVL3:
 121              	.L6:
 160:../Libraries/STM32F0xx_StdPeriph_Driver/src/stm32f0xx_exti.c ****     }
 161:../Libraries/STM32F0xx_StdPeriph_Driver/src/stm32f0xx_exti.c ****     else
 162:../Libraries/STM32F0xx_StdPeriph_Driver/src/stm32f0xx_exti.c ****     {
 163:../Libraries/STM32F0xx_StdPeriph_Driver/src/stm32f0xx_exti.c ****       tmp = (uint32_t)EXTI_BASE;
 164:../Libraries/STM32F0xx_StdPeriph_Driver/src/stm32f0xx_exti.c ****       tmp += EXTI_InitStruct->EXTI_Trigger;
 122              		.loc 1 164 0
 123 0048 064B     		ldr	r3, .L9
 124 004a CB18     		add	r3, r1, r3
 165:../Libraries/STM32F0xx_StdPeriph_Driver/src/stm32f0xx_exti.c **** 
 166:../Libraries/STM32F0xx_StdPeriph_Driver/src/stm32f0xx_exti.c ****       *(__IO uint32_t *) tmp |= EXTI_InitStruct->EXTI_Line;
 125              		.loc 1 166 0
 126 004c 1C68     		ldr	r4, [r3]
 127 004e 2243     		orr	r2, r4
 128 0050 05E0     		b	.L8
 129              	.LVL4:
 130              	.L5:
 167:../Libraries/STM32F0xx_StdPeriph_Driver/src/stm32f0xx_exti.c ****     }
 168:../Libraries/STM32F0xx_StdPeriph_Driver/src/stm32f0xx_exti.c ****   }
 169:../Libraries/STM32F0xx_StdPeriph_Driver/src/stm32f0xx_exti.c ****   else
 170:../Libraries/STM32F0xx_StdPeriph_Driver/src/stm32f0xx_exti.c ****   {
 171:../Libraries/STM32F0xx_StdPeriph_Driver/src/stm32f0xx_exti.c ****     tmp += EXTI_InitStruct->EXTI_Mode;
 131              		.loc 1 171 0
 132 0052 0479     		ldrb	r4, [r0, #4]
 133 0054 0349     		ldr	r1, .L9
 134 0056 6318     		add	r3, r4, r1
 172:../Libraries/STM32F0xx_StdPeriph_Driver/src/stm32f0xx_exti.c **** 
 173:../Libraries/STM32F0xx_StdPeriph_Driver/src/stm32f0xx_exti.c ****     /* Disable the selected external lines */
 174:../Libraries/STM32F0xx_StdPeriph_Driver/src/stm32f0xx_exti.c ****     *(__IO uint32_t *) tmp &= ~EXTI_InitStruct->EXTI_Line;
 135              		.loc 1 174 0
 136 0058 1868     		ldr	r0, [r3]
 137              	.LVL5:
 138 005a 9043     		bic	r0, r2
 139 005c 021C     		mov	r2, r0
 140              	.LVL6:
 141              	.L8:
 142 005e 1A60     		str	r2, [r3]
 143              	.L4:
 144              		@ sp needed for prologue
 175:../Libraries/STM32F0xx_StdPeriph_Driver/src/stm32f0xx_exti.c ****   }
 176:../Libraries/STM32F0xx_StdPeriph_Driver/src/stm32f0xx_exti.c **** }
 145              		.loc 1 176 0
 146 0060 10BD     		pop	{r4, pc}
 147              	.L10:
 148 0062 C046     		.align	2
 149              	.L9:
 150 0064 00040140 		.word	1073808384
 151              		.cfi_endproc
 152              	.LFE34:
 154              		.section	.text.EXTI_StructInit,"ax",%progbits
 155              		.align	1
 156              		.global	EXTI_StructInit
 157              		.code	16
 158              		.thumb_func
 160              	EXTI_StructInit:
 161              	.LFB35:
 177:../Libraries/STM32F0xx_StdPeriph_Driver/src/stm32f0xx_exti.c **** 
 178:../Libraries/STM32F0xx_StdPeriph_Driver/src/stm32f0xx_exti.c **** /**
 179:../Libraries/STM32F0xx_StdPeriph_Driver/src/stm32f0xx_exti.c ****   * @brief  Fills each EXTI_InitStruct member with its reset value.
 180:../Libraries/STM32F0xx_StdPeriph_Driver/src/stm32f0xx_exti.c ****   * @param  EXTI_InitStruct: pointer to a EXTI_InitTypeDef structure which will
 181:../Libraries/STM32F0xx_StdPeriph_Driver/src/stm32f0xx_exti.c ****   *         be initialized.
 182:../Libraries/STM32F0xx_StdPeriph_Driver/src/stm32f0xx_exti.c ****   * @retval None
 183:../Libraries/STM32F0xx_StdPeriph_Driver/src/stm32f0xx_exti.c ****   */
 184:../Libraries/STM32F0xx_StdPeriph_Driver/src/stm32f0xx_exti.c **** void EXTI_StructInit(EXTI_InitTypeDef* EXTI_InitStruct)
 185:../Libraries/STM32F0xx_StdPeriph_Driver/src/stm32f0xx_exti.c **** {
 162              		.loc 1 185 0
 163              		.cfi_startproc
 164              	.LVL7:
 186:../Libraries/STM32F0xx_StdPeriph_Driver/src/stm32f0xx_exti.c ****   EXTI_InitStruct->EXTI_Line = EXTI_LINENONE;
 165              		.loc 1 186 0
 166 0000 0023     		mov	r3, #0
 187:../Libraries/STM32F0xx_StdPeriph_Driver/src/stm32f0xx_exti.c ****   EXTI_InitStruct->EXTI_Mode = EXTI_Mode_Interrupt;
 188:../Libraries/STM32F0xx_StdPeriph_Driver/src/stm32f0xx_exti.c ****   EXTI_InitStruct->EXTI_Trigger = EXTI_Trigger_Falling;
 167              		.loc 1 188 0
 168 0002 0C22     		mov	r2, #12
 186:../Libraries/STM32F0xx_StdPeriph_Driver/src/stm32f0xx_exti.c ****   EXTI_InitStruct->EXTI_Line = EXTI_LINENONE;
 169              		.loc 1 186 0
 170 0004 0360     		str	r3, [r0]
 187:../Libraries/STM32F0xx_StdPeriph_Driver/src/stm32f0xx_exti.c ****   EXTI_InitStruct->EXTI_Mode = EXTI_Mode_Interrupt;
 171              		.loc 1 187 0
 172 0006 0371     		strb	r3, [r0, #4]
 173              		.loc 1 188 0
 174 0008 4271     		strb	r2, [r0, #5]
 189:../Libraries/STM32F0xx_StdPeriph_Driver/src/stm32f0xx_exti.c ****   EXTI_InitStruct->EXTI_LineCmd = DISABLE;
 175              		.loc 1 189 0
 176 000a 8371     		strb	r3, [r0, #6]
 177              		@ sp needed for prologue
 190:../Libraries/STM32F0xx_StdPeriph_Driver/src/stm32f0xx_exti.c **** }
 178              		.loc 1 190 0
 179 000c 7047     		bx	lr
 180              		.cfi_endproc
 181              	.LFE35:
 183              		.section	.text.EXTI_GenerateSWInterrupt,"ax",%progbits
 184              		.align	1
 185              		.global	EXTI_GenerateSWInterrupt
 186              		.code	16
 187              		.thumb_func
 189              	EXTI_GenerateSWInterrupt:
 190              	.LFB36:
 191:../Libraries/STM32F0xx_StdPeriph_Driver/src/stm32f0xx_exti.c **** 
 192:../Libraries/STM32F0xx_StdPeriph_Driver/src/stm32f0xx_exti.c **** /**
 193:../Libraries/STM32F0xx_StdPeriph_Driver/src/stm32f0xx_exti.c ****   * @brief  Generates a Software interrupt on selected EXTI line.
 194:../Libraries/STM32F0xx_StdPeriph_Driver/src/stm32f0xx_exti.c ****   * @param  EXTI_Line: specifies the EXTI line on which the software interrupt
 195:../Libraries/STM32F0xx_StdPeriph_Driver/src/stm32f0xx_exti.c ****   *         will be generated.
 196:../Libraries/STM32F0xx_StdPeriph_Driver/src/stm32f0xx_exti.c ****   *          This parameter can be any combination of EXTI_Linex where x can be (0..27).
 197:../Libraries/STM32F0xx_StdPeriph_Driver/src/stm32f0xx_exti.c ****   * @retval None
 198:../Libraries/STM32F0xx_StdPeriph_Driver/src/stm32f0xx_exti.c ****   */
 199:../Libraries/STM32F0xx_StdPeriph_Driver/src/stm32f0xx_exti.c **** void EXTI_GenerateSWInterrupt(uint32_t EXTI_Line)
 200:../Libraries/STM32F0xx_StdPeriph_Driver/src/stm32f0xx_exti.c **** {
 191              		.loc 1 200 0
 192              		.cfi_startproc
 193              	.LVL8:
 201:../Libraries/STM32F0xx_StdPeriph_Driver/src/stm32f0xx_exti.c ****   /* Check the parameters */
 202:../Libraries/STM32F0xx_StdPeriph_Driver/src/stm32f0xx_exti.c ****   assert_param(IS_EXTI_LINE(EXTI_Line));
 203:../Libraries/STM32F0xx_StdPeriph_Driver/src/stm32f0xx_exti.c **** 
 204:../Libraries/STM32F0xx_StdPeriph_Driver/src/stm32f0xx_exti.c ****   EXTI->SWIER |= EXTI_Line;
 194              		.loc 1 204 0
 195 0000 024B     		ldr	r3, .L13
 196              		@ sp needed for prologue
 197 0002 1A69     		ldr	r2, [r3, #16]
 198 0004 1043     		orr	r0, r2
 199              	.LVL9:
 200 0006 1861     		str	r0, [r3, #16]
 205:../Libraries/STM32F0xx_StdPeriph_Driver/src/stm32f0xx_exti.c **** }
 201              		.loc 1 205 0
 202 0008 7047     		bx	lr
 203              	.L14:
 204 000a C046     		.align	2
 205              	.L13:
 206 000c 00040140 		.word	1073808384
 207              		.cfi_endproc
 208              	.LFE36:
 210              		.section	.text.EXTI_GetFlagStatus,"ax",%progbits
 211              		.align	1
 212              		.global	EXTI_GetFlagStatus
 213              		.code	16
 214              		.thumb_func
 216              	EXTI_GetFlagStatus:
 217              	.LFB37:
 206:../Libraries/STM32F0xx_StdPeriph_Driver/src/stm32f0xx_exti.c **** 
 207:../Libraries/STM32F0xx_StdPeriph_Driver/src/stm32f0xx_exti.c **** /**
 208:../Libraries/STM32F0xx_StdPeriph_Driver/src/stm32f0xx_exti.c ****   * @}
 209:../Libraries/STM32F0xx_StdPeriph_Driver/src/stm32f0xx_exti.c ****   */
 210:../Libraries/STM32F0xx_StdPeriph_Driver/src/stm32f0xx_exti.c **** 
 211:../Libraries/STM32F0xx_StdPeriph_Driver/src/stm32f0xx_exti.c **** /** @defgroup EXTI_Group2 Interrupts and flags management functions
 212:../Libraries/STM32F0xx_StdPeriph_Driver/src/stm32f0xx_exti.c ****  *  @brief    Interrupts and flags management functions 
 213:../Libraries/STM32F0xx_StdPeriph_Driver/src/stm32f0xx_exti.c ****  *
 214:../Libraries/STM32F0xx_StdPeriph_Driver/src/stm32f0xx_exti.c **** @verbatim   
 215:../Libraries/STM32F0xx_StdPeriph_Driver/src/stm32f0xx_exti.c ****   ==============================================================================
 216:../Libraries/STM32F0xx_StdPeriph_Driver/src/stm32f0xx_exti.c ****              ##### Interrupts and flags management functions #####
 217:../Libraries/STM32F0xx_StdPeriph_Driver/src/stm32f0xx_exti.c ****   ==============================================================================
 218:../Libraries/STM32F0xx_StdPeriph_Driver/src/stm32f0xx_exti.c ****   
 219:../Libraries/STM32F0xx_StdPeriph_Driver/src/stm32f0xx_exti.c **** @endverbatim
 220:../Libraries/STM32F0xx_StdPeriph_Driver/src/stm32f0xx_exti.c ****   * @{
 221:../Libraries/STM32F0xx_StdPeriph_Driver/src/stm32f0xx_exti.c ****   */
 222:../Libraries/STM32F0xx_StdPeriph_Driver/src/stm32f0xx_exti.c **** 
 223:../Libraries/STM32F0xx_StdPeriph_Driver/src/stm32f0xx_exti.c **** /**
 224:../Libraries/STM32F0xx_StdPeriph_Driver/src/stm32f0xx_exti.c ****   * @brief  Checks whether the specified EXTI line flag is set or not.
 225:../Libraries/STM32F0xx_StdPeriph_Driver/src/stm32f0xx_exti.c ****   * @param  EXTI_Line: specifies the EXTI line flag to check.
 226:../Libraries/STM32F0xx_StdPeriph_Driver/src/stm32f0xx_exti.c ****   *          This parameter can be EXTI_Linex where x can be (0..27).
 227:../Libraries/STM32F0xx_StdPeriph_Driver/src/stm32f0xx_exti.c ****   * @retval The new state of EXTI_Line (SET or RESET).
 228:../Libraries/STM32F0xx_StdPeriph_Driver/src/stm32f0xx_exti.c ****   */
 229:../Libraries/STM32F0xx_StdPeriph_Driver/src/stm32f0xx_exti.c **** FlagStatus EXTI_GetFlagStatus(uint32_t EXTI_Line)
 230:../Libraries/STM32F0xx_StdPeriph_Driver/src/stm32f0xx_exti.c **** {
 218              		.loc 1 230 0
 219              		.cfi_startproc
 220              	.LVL10:
 231:../Libraries/STM32F0xx_StdPeriph_Driver/src/stm32f0xx_exti.c ****    FlagStatus bitstatus = RESET;
 232:../Libraries/STM32F0xx_StdPeriph_Driver/src/stm32f0xx_exti.c ****   /* Check the parameters */
 233:../Libraries/STM32F0xx_StdPeriph_Driver/src/stm32f0xx_exti.c ****   assert_param(IS_GET_EXTI_LINE(EXTI_Line));
 234:../Libraries/STM32F0xx_StdPeriph_Driver/src/stm32f0xx_exti.c **** 
 235:../Libraries/STM32F0xx_StdPeriph_Driver/src/stm32f0xx_exti.c ****   if ((EXTI->PR & EXTI_Line) != (uint32_t)RESET)
 221              		.loc 1 235 0
 222 0000 0249     		ldr	r1, .L16
 223              		@ sp needed for prologue
 224 0002 4B69     		ldr	r3, [r1, #20]
 225              	.LVL11:
 226 0004 1840     		and	r0, r3
 227              	.LVL12:
 236:../Libraries/STM32F0xx_StdPeriph_Driver/src/stm32f0xx_exti.c ****   {
 237:../Libraries/STM32F0xx_StdPeriph_Driver/src/stm32f0xx_exti.c ****     bitstatus = SET;
 238:../Libraries/STM32F0xx_StdPeriph_Driver/src/stm32f0xx_exti.c ****   }
 239:../Libraries/STM32F0xx_StdPeriph_Driver/src/stm32f0xx_exti.c ****   else
 240:../Libraries/STM32F0xx_StdPeriph_Driver/src/stm32f0xx_exti.c ****   {
 241:../Libraries/STM32F0xx_StdPeriph_Driver/src/stm32f0xx_exti.c ****     bitstatus = RESET;
 242:../Libraries/STM32F0xx_StdPeriph_Driver/src/stm32f0xx_exti.c ****   }
 243:../Libraries/STM32F0xx_StdPeriph_Driver/src/stm32f0xx_exti.c ****   return bitstatus;
 228              		.loc 1 243 0
 229 0006 431E     		sub	r3, r0, #1
 230 0008 9841     		sbc	r0, r0, r3
 244:../Libraries/STM32F0xx_StdPeriph_Driver/src/stm32f0xx_exti.c **** }
 231              		.loc 1 244 0
 232 000a 7047     		bx	lr
 233              	.L17:
 234              		.align	2
 235              	.L16:
 236 000c 00040140 		.word	1073808384
 237              		.cfi_endproc
 238              	.LFE37:
 240              		.section	.text.EXTI_ClearFlag,"ax",%progbits
 241              		.align	1
 242              		.global	EXTI_ClearFlag
 243              		.code	16
 244              		.thumb_func
 246              	EXTI_ClearFlag:
 247              	.LFB38:
 245:../Libraries/STM32F0xx_StdPeriph_Driver/src/stm32f0xx_exti.c **** 
 246:../Libraries/STM32F0xx_StdPeriph_Driver/src/stm32f0xx_exti.c **** /**
 247:../Libraries/STM32F0xx_StdPeriph_Driver/src/stm32f0xx_exti.c ****   * @brief  Clears the EXTI's line pending flags.
 248:../Libraries/STM32F0xx_StdPeriph_Driver/src/stm32f0xx_exti.c ****   * @param  EXTI_Line: specifies the EXTI lines flags to clear.
 249:../Libraries/STM32F0xx_StdPeriph_Driver/src/stm32f0xx_exti.c ****   *          This parameter can be any combination of EXTI_Linex where x can be (0..27).
 250:../Libraries/STM32F0xx_StdPeriph_Driver/src/stm32f0xx_exti.c ****   * @retval None
 251:../Libraries/STM32F0xx_StdPeriph_Driver/src/stm32f0xx_exti.c ****   */
 252:../Libraries/STM32F0xx_StdPeriph_Driver/src/stm32f0xx_exti.c **** void EXTI_ClearFlag(uint32_t EXTI_Line)
 253:../Libraries/STM32F0xx_StdPeriph_Driver/src/stm32f0xx_exti.c **** {
 248              		.loc 1 253 0
 249              		.cfi_startproc
 250              	.LVL13:
 254:../Libraries/STM32F0xx_StdPeriph_Driver/src/stm32f0xx_exti.c ****   /* Check the parameters */
 255:../Libraries/STM32F0xx_StdPeriph_Driver/src/stm32f0xx_exti.c ****   assert_param(IS_EXTI_LINE(EXTI_Line));
 256:../Libraries/STM32F0xx_StdPeriph_Driver/src/stm32f0xx_exti.c **** 
 257:../Libraries/STM32F0xx_StdPeriph_Driver/src/stm32f0xx_exti.c ****   EXTI->PR = EXTI_Line;
 251              		.loc 1 257 0
 252 0000 014B     		ldr	r3, .L19
 253              		@ sp needed for prologue
 254 0002 5861     		str	r0, [r3, #20]
 258:../Libraries/STM32F0xx_StdPeriph_Driver/src/stm32f0xx_exti.c **** }
 255              		.loc 1 258 0
 256 0004 7047     		bx	lr
 257              	.L20:
 258 0006 C046     		.align	2
 259              	.L19:
 260 0008 00040140 		.word	1073808384
 261              		.cfi_endproc
 262              	.LFE38:
 264              		.section	.text.EXTI_GetITStatus,"ax",%progbits
 265              		.align	1
 266              		.global	EXTI_GetITStatus
 267              		.code	16
 268              		.thumb_func
 270              	EXTI_GetITStatus:
 271              	.LFB39:
 259:../Libraries/STM32F0xx_StdPeriph_Driver/src/stm32f0xx_exti.c **** 
 260:../Libraries/STM32F0xx_StdPeriph_Driver/src/stm32f0xx_exti.c **** /**
 261:../Libraries/STM32F0xx_StdPeriph_Driver/src/stm32f0xx_exti.c ****   * @brief  Checks whether the specified EXTI line is asserted or not.
 262:../Libraries/STM32F0xx_StdPeriph_Driver/src/stm32f0xx_exti.c ****   * @param  EXTI_Line: specifies the EXTI line to check.
 263:../Libraries/STM32F0xx_StdPeriph_Driver/src/stm32f0xx_exti.c ****   *          This parameter can be EXTI_Linex where x can be (0..27).
 264:../Libraries/STM32F0xx_StdPeriph_Driver/src/stm32f0xx_exti.c ****   * @retval The new state of EXTI_Line (SET or RESET).
 265:../Libraries/STM32F0xx_StdPeriph_Driver/src/stm32f0xx_exti.c ****   */
 266:../Libraries/STM32F0xx_StdPeriph_Driver/src/stm32f0xx_exti.c **** ITStatus EXTI_GetITStatus(uint32_t EXTI_Line)
 267:../Libraries/STM32F0xx_StdPeriph_Driver/src/stm32f0xx_exti.c **** {
 272              		.loc 1 267 0
 273              		.cfi_startproc
 274              	.LVL14:
 268:../Libraries/STM32F0xx_StdPeriph_Driver/src/stm32f0xx_exti.c ****   ITStatus bitstatus = RESET;
 269:../Libraries/STM32F0xx_StdPeriph_Driver/src/stm32f0xx_exti.c **** 
 270:../Libraries/STM32F0xx_StdPeriph_Driver/src/stm32f0xx_exti.c ****   /* Check the parameters */
 271:../Libraries/STM32F0xx_StdPeriph_Driver/src/stm32f0xx_exti.c ****   assert_param(IS_GET_EXTI_LINE(EXTI_Line));
 272:../Libraries/STM32F0xx_StdPeriph_Driver/src/stm32f0xx_exti.c **** 
 273:../Libraries/STM32F0xx_StdPeriph_Driver/src/stm32f0xx_exti.c ****   if ((EXTI->PR & EXTI_Line) != (uint32_t)RESET)
 275              		.loc 1 273 0
 276 0000 0249     		ldr	r1, .L22
 277              		@ sp needed for prologue
 278 0002 4B69     		ldr	r3, [r1, #20]
 279              	.LVL15:
 280 0004 1840     		and	r0, r3
 281              	.LVL16:
 274:../Libraries/STM32F0xx_StdPeriph_Driver/src/stm32f0xx_exti.c ****   {
 275:../Libraries/STM32F0xx_StdPeriph_Driver/src/stm32f0xx_exti.c ****     bitstatus = SET;
 276:../Libraries/STM32F0xx_StdPeriph_Driver/src/stm32f0xx_exti.c ****   }
 277:../Libraries/STM32F0xx_StdPeriph_Driver/src/stm32f0xx_exti.c ****   else
 278:../Libraries/STM32F0xx_StdPeriph_Driver/src/stm32f0xx_exti.c ****   {
 279:../Libraries/STM32F0xx_StdPeriph_Driver/src/stm32f0xx_exti.c ****     bitstatus = RESET;
 280:../Libraries/STM32F0xx_StdPeriph_Driver/src/stm32f0xx_exti.c ****   }
 281:../Libraries/STM32F0xx_StdPeriph_Driver/src/stm32f0xx_exti.c ****   return bitstatus;
 282              		.loc 1 281 0
 283 0006 431E     		sub	r3, r0, #1
 284 0008 9841     		sbc	r0, r0, r3
 282:../Libraries/STM32F0xx_StdPeriph_Driver/src/stm32f0xx_exti.c **** }
 285              		.loc 1 282 0
 286 000a 7047     		bx	lr
 287              	.L23:
 288              		.align	2
 289              	.L22:
 290 000c 00040140 		.word	1073808384
 291              		.cfi_endproc
 292              	.LFE39:
 294              		.section	.text.EXTI_ClearITPendingBit,"ax",%progbits
 295              		.align	1
 296              		.global	EXTI_ClearITPendingBit
 297              		.code	16
 298              		.thumb_func
 300              	EXTI_ClearITPendingBit:
 301              	.LFB40:
 283:../Libraries/STM32F0xx_StdPeriph_Driver/src/stm32f0xx_exti.c **** 
 284:../Libraries/STM32F0xx_StdPeriph_Driver/src/stm32f0xx_exti.c **** /**
 285:../Libraries/STM32F0xx_StdPeriph_Driver/src/stm32f0xx_exti.c ****   * @brief  Clears the EXTI's line pending bits.
 286:../Libraries/STM32F0xx_StdPeriph_Driver/src/stm32f0xx_exti.c ****   * @param  EXTI_Line: specifies the EXTI lines to clear.
 287:../Libraries/STM32F0xx_StdPeriph_Driver/src/stm32f0xx_exti.c ****   *          This parameter can be any combination of EXTI_Linex where x can be (0..27).
 288:../Libraries/STM32F0xx_StdPeriph_Driver/src/stm32f0xx_exti.c ****   * @retval None
 289:../Libraries/STM32F0xx_StdPeriph_Driver/src/stm32f0xx_exti.c ****   */
 290:../Libraries/STM32F0xx_StdPeriph_Driver/src/stm32f0xx_exti.c **** void EXTI_ClearITPendingBit(uint32_t EXTI_Line)
 291:../Libraries/STM32F0xx_StdPeriph_Driver/src/stm32f0xx_exti.c **** {
 302              		.loc 1 291 0
 303              		.cfi_startproc
 304              	.LVL17:
 292:../Libraries/STM32F0xx_StdPeriph_Driver/src/stm32f0xx_exti.c ****   /* Check the parameters */
 293:../Libraries/STM32F0xx_StdPeriph_Driver/src/stm32f0xx_exti.c ****   assert_param(IS_EXTI_LINE(EXTI_Line));
 294:../Libraries/STM32F0xx_StdPeriph_Driver/src/stm32f0xx_exti.c **** 
 295:../Libraries/STM32F0xx_StdPeriph_Driver/src/stm32f0xx_exti.c ****   EXTI->PR = EXTI_Line;
 305              		.loc 1 295 0
 306 0000 014B     		ldr	r3, .L25
 307              		@ sp needed for prologue
 308 0002 5861     		str	r0, [r3, #20]
 296:../Libraries/STM32F0xx_StdPeriph_Driver/src/stm32f0xx_exti.c **** }
 309              		.loc 1 296 0
 310 0004 7047     		bx	lr
 311              	.L26:
 312 0006 C046     		.align	2
 313              	.L25:
 314 0008 00040140 		.word	1073808384
 315              		.cfi_endproc
 316              	.LFE40:
 318              		.text
 319              	.Letext0:
 320              		.file 2 "c:\\eclipseindigo\\codesourcery\\sourcery_codebench_lite_for_arm_eabi\\bin\\../lib/gcc/ar
 321              		.file 3 "C:\\Working\\CURRENT_PROJECT\\SKYBOX\\skysoft_lls_stm32f030c8t6\\main_code\\Source/stm32f
 322              		.file 4 "C:\\Working\\CURRENT_PROJECT\\SKYBOX\\skysoft_lls_stm32f030c8t6\\main_code\\Libraries\\ST
DEFINED SYMBOLS
                            *ABS*:00000000 stm32f0xx_exti.c
C:\Users\khanh\AppData\Local\Temp\ccIUmaF0.s:18     .text.EXTI_DeInit:00000000 $t
C:\Users\khanh\AppData\Local\Temp\ccIUmaF0.s:23     .text.EXTI_DeInit:00000000 EXTI_DeInit
C:\Users\khanh\AppData\Local\Temp\ccIUmaF0.s:51     .text.EXTI_DeInit:00000014 $d
C:\Users\khanh\AppData\Local\Temp\ccIUmaF0.s:58     .text.EXTI_Init:00000000 $t
C:\Users\khanh\AppData\Local\Temp\ccIUmaF0.s:63     .text.EXTI_Init:00000000 EXTI_Init
C:\Users\khanh\AppData\Local\Temp\ccIUmaF0.s:150    .text.EXTI_Init:00000064 $d
C:\Users\khanh\AppData\Local\Temp\ccIUmaF0.s:155    .text.EXTI_StructInit:00000000 $t
C:\Users\khanh\AppData\Local\Temp\ccIUmaF0.s:160    .text.EXTI_StructInit:00000000 EXTI_StructInit
C:\Users\khanh\AppData\Local\Temp\ccIUmaF0.s:184    .text.EXTI_GenerateSWInterrupt:00000000 $t
C:\Users\khanh\AppData\Local\Temp\ccIUmaF0.s:189    .text.EXTI_GenerateSWInterrupt:00000000 EXTI_GenerateSWInterrupt
C:\Users\khanh\AppData\Local\Temp\ccIUmaF0.s:206    .text.EXTI_GenerateSWInterrupt:0000000c $d
C:\Users\khanh\AppData\Local\Temp\ccIUmaF0.s:211    .text.EXTI_GetFlagStatus:00000000 $t
C:\Users\khanh\AppData\Local\Temp\ccIUmaF0.s:216    .text.EXTI_GetFlagStatus:00000000 EXTI_GetFlagStatus
C:\Users\khanh\AppData\Local\Temp\ccIUmaF0.s:236    .text.EXTI_GetFlagStatus:0000000c $d
C:\Users\khanh\AppData\Local\Temp\ccIUmaF0.s:241    .text.EXTI_ClearFlag:00000000 $t
C:\Users\khanh\AppData\Local\Temp\ccIUmaF0.s:246    .text.EXTI_ClearFlag:00000000 EXTI_ClearFlag
C:\Users\khanh\AppData\Local\Temp\ccIUmaF0.s:260    .text.EXTI_ClearFlag:00000008 $d
C:\Users\khanh\AppData\Local\Temp\ccIUmaF0.s:265    .text.EXTI_GetITStatus:00000000 $t
C:\Users\khanh\AppData\Local\Temp\ccIUmaF0.s:270    .text.EXTI_GetITStatus:00000000 EXTI_GetITStatus
C:\Users\khanh\AppData\Local\Temp\ccIUmaF0.s:290    .text.EXTI_GetITStatus:0000000c $d
C:\Users\khanh\AppData\Local\Temp\ccIUmaF0.s:295    .text.EXTI_ClearITPendingBit:00000000 $t
C:\Users\khanh\AppData\Local\Temp\ccIUmaF0.s:300    .text.EXTI_ClearITPendingBit:00000000 EXTI_ClearITPendingBit
C:\Users\khanh\AppData\Local\Temp\ccIUmaF0.s:314    .text.EXTI_ClearITPendingBit:00000008 $d
                     .debug_frame:00000010 $d

NO UNDEFINED SYMBOLS
