   1              		.cpu cortex-m0
   2              		.fpu softvfp
   3              		.eabi_attribute 20, 1
   4              		.eabi_attribute 21, 1
   5              		.eabi_attribute 23, 3
   6              		.eabi_attribute 24, 1
   7              		.eabi_attribute 25, 1
   8              		.eabi_attribute 26, 1
   9              		.eabi_attribute 30, 4
  10              		.eabi_attribute 34, 0
  11              		.eabi_attribute 18, 4
  12              		.code	16
  13              		.file	"stm32f0xx_wwdg.c"
  14              		.text
  15              	.Ltext0:
  16              		.cfi_sections	.debug_frame
  17              		.section	.text.WWDG_DeInit,"ax",%progbits
  18              		.align	1
  19              		.global	WWDG_DeInit
  20              		.code	16
  21              		.thumb_func
  23              	WWDG_DeInit:
  24              	.LFB33:
  25              		.file 1 "../Libraries/STM32F0xx_StdPeriph_Driver/src/stm32f0xx_wwdg.c"
   1:../Libraries/STM32F0xx_StdPeriph_Driver/src/stm32f0xx_wwdg.c **** /**
   2:../Libraries/STM32F0xx_StdPeriph_Driver/src/stm32f0xx_wwdg.c ****   ******************************************************************************
   3:../Libraries/STM32F0xx_StdPeriph_Driver/src/stm32f0xx_wwdg.c ****   * @file    stm32f0xx_wwdg.c
   4:../Libraries/STM32F0xx_StdPeriph_Driver/src/stm32f0xx_wwdg.c ****   * @author  MCD Application Team
   5:../Libraries/STM32F0xx_StdPeriph_Driver/src/stm32f0xx_wwdg.c ****   * @version V1.5.0
   6:../Libraries/STM32F0xx_StdPeriph_Driver/src/stm32f0xx_wwdg.c ****   * @date    05-December-2014
   7:../Libraries/STM32F0xx_StdPeriph_Driver/src/stm32f0xx_wwdg.c ****   * @brief   This file provides firmware functions to manage the following 
   8:../Libraries/STM32F0xx_StdPeriph_Driver/src/stm32f0xx_wwdg.c ****   *          functionalities of the Window watchdog (WWDG) peripheral:
   9:../Libraries/STM32F0xx_StdPeriph_Driver/src/stm32f0xx_wwdg.c ****   *           + Prescaler, Refresh window and Counter configuration
  10:../Libraries/STM32F0xx_StdPeriph_Driver/src/stm32f0xx_wwdg.c ****   *           + WWDG activation
  11:../Libraries/STM32F0xx_StdPeriph_Driver/src/stm32f0xx_wwdg.c ****   *           + Interrupts and flags management
  12:../Libraries/STM32F0xx_StdPeriph_Driver/src/stm32f0xx_wwdg.c ****   *             
  13:../Libraries/STM32F0xx_StdPeriph_Driver/src/stm32f0xx_wwdg.c ****   *  @verbatim
  14:../Libraries/STM32F0xx_StdPeriph_Driver/src/stm32f0xx_wwdg.c ****   *    
  15:../Libraries/STM32F0xx_StdPeriph_Driver/src/stm32f0xx_wwdg.c ****   ============================================================================== 
  16:../Libraries/STM32F0xx_StdPeriph_Driver/src/stm32f0xx_wwdg.c ****                            ##### WWDG features ##### 
  17:../Libraries/STM32F0xx_StdPeriph_Driver/src/stm32f0xx_wwdg.c ****   ============================================================================== 
  18:../Libraries/STM32F0xx_StdPeriph_Driver/src/stm32f0xx_wwdg.c ****     [..] Once enabled the WWDG generates a system reset on expiry of a programmed
  19:../Libraries/STM32F0xx_StdPeriph_Driver/src/stm32f0xx_wwdg.c ****         time period, unless the program refreshes the counter (downcounter) 
  20:../Libraries/STM32F0xx_StdPeriph_Driver/src/stm32f0xx_wwdg.c ****         before to reach 0x3F value (i.e. a reset is generated when the counter
  21:../Libraries/STM32F0xx_StdPeriph_Driver/src/stm32f0xx_wwdg.c ****         value rolls over from 0x40 to 0x3F). 
  22:../Libraries/STM32F0xx_StdPeriph_Driver/src/stm32f0xx_wwdg.c ****     [..] An MCU reset is also generated if the counter value is refreshed
  23:../Libraries/STM32F0xx_StdPeriph_Driver/src/stm32f0xx_wwdg.c ****          before the counter has reached the refresh window value. This 
  24:../Libraries/STM32F0xx_StdPeriph_Driver/src/stm32f0xx_wwdg.c ****          implies that the counter must be refreshed in a limited window.
  25:../Libraries/STM32F0xx_StdPeriph_Driver/src/stm32f0xx_wwdg.c **** 
  26:../Libraries/STM32F0xx_StdPeriph_Driver/src/stm32f0xx_wwdg.c ****     [..] Once enabled the WWDG cannot be disabled except by a system reset.
  27:../Libraries/STM32F0xx_StdPeriph_Driver/src/stm32f0xx_wwdg.c **** 
  28:../Libraries/STM32F0xx_StdPeriph_Driver/src/stm32f0xx_wwdg.c ****     [..] WWDGRST flag in RCC_CSR register can be used to inform when a WWDG
  29:../Libraries/STM32F0xx_StdPeriph_Driver/src/stm32f0xx_wwdg.c ****          reset occurs.
  30:../Libraries/STM32F0xx_StdPeriph_Driver/src/stm32f0xx_wwdg.c **** 
  31:../Libraries/STM32F0xx_StdPeriph_Driver/src/stm32f0xx_wwdg.c ****     [..] The WWDG counter input clock is derived from the APB clock divided 
  32:../Libraries/STM32F0xx_StdPeriph_Driver/src/stm32f0xx_wwdg.c ****          by a programmable prescaler.
  33:../Libraries/STM32F0xx_StdPeriph_Driver/src/stm32f0xx_wwdg.c **** 
  34:../Libraries/STM32F0xx_StdPeriph_Driver/src/stm32f0xx_wwdg.c ****     [..] WWDG counter clock = PCLK1 / Prescaler.
  35:../Libraries/STM32F0xx_StdPeriph_Driver/src/stm32f0xx_wwdg.c ****     [..] WWDG timeout = (WWDG counter clock) * (counter value).
  36:../Libraries/STM32F0xx_StdPeriph_Driver/src/stm32f0xx_wwdg.c **** 
  37:../Libraries/STM32F0xx_StdPeriph_Driver/src/stm32f0xx_wwdg.c ****     [..] Min-max timeout value @32MHz (PCLK1): ~85us / ~43ms.
  38:../Libraries/STM32F0xx_StdPeriph_Driver/src/stm32f0xx_wwdg.c **** 
  39:../Libraries/STM32F0xx_StdPeriph_Driver/src/stm32f0xx_wwdg.c ****                        ##### How to use this driver ##### 
  40:../Libraries/STM32F0xx_StdPeriph_Driver/src/stm32f0xx_wwdg.c ****   ==============================================================================
  41:../Libraries/STM32F0xx_StdPeriph_Driver/src/stm32f0xx_wwdg.c ****     [..]
  42:../Libraries/STM32F0xx_StdPeriph_Driver/src/stm32f0xx_wwdg.c ****         (#) Enable WWDG clock using RCC_APB1PeriphClockCmd(RCC_APB1Periph_WWDG, ENABLE) 
  43:../Libraries/STM32F0xx_StdPeriph_Driver/src/stm32f0xx_wwdg.c ****             function.
  44:../Libraries/STM32F0xx_StdPeriph_Driver/src/stm32f0xx_wwdg.c ****               
  45:../Libraries/STM32F0xx_StdPeriph_Driver/src/stm32f0xx_wwdg.c ****         (#) Configure the WWDG prescaler using WWDG_SetPrescaler() function.
  46:../Libraries/STM32F0xx_StdPeriph_Driver/src/stm32f0xx_wwdg.c ****                              
  47:../Libraries/STM32F0xx_StdPeriph_Driver/src/stm32f0xx_wwdg.c ****         (#) Configure the WWDG refresh window using WWDG_SetWindowValue() function.
  48:../Libraries/STM32F0xx_StdPeriph_Driver/src/stm32f0xx_wwdg.c ****               
  49:../Libraries/STM32F0xx_StdPeriph_Driver/src/stm32f0xx_wwdg.c ****         (#) Set the WWDG counter value and start it using WWDG_Enable() function.
  50:../Libraries/STM32F0xx_StdPeriph_Driver/src/stm32f0xx_wwdg.c ****             When the WWDG is enabled the counter value should be configured to 
  51:../Libraries/STM32F0xx_StdPeriph_Driver/src/stm32f0xx_wwdg.c ****             a value greater than 0x40 to prevent generating an immediate reset.
  52:../Libraries/STM32F0xx_StdPeriph_Driver/src/stm32f0xx_wwdg.c ****               
  53:../Libraries/STM32F0xx_StdPeriph_Driver/src/stm32f0xx_wwdg.c ****         (#) Optionally you can enable the Early wakeup interrupt which is 
  54:../Libraries/STM32F0xx_StdPeriph_Driver/src/stm32f0xx_wwdg.c ****             generated when the counter reach 0x40.
  55:../Libraries/STM32F0xx_StdPeriph_Driver/src/stm32f0xx_wwdg.c ****             Once enabled this interrupt cannot be disabled except by a system reset.
  56:../Libraries/STM32F0xx_StdPeriph_Driver/src/stm32f0xx_wwdg.c ****                    
  57:../Libraries/STM32F0xx_StdPeriph_Driver/src/stm32f0xx_wwdg.c ****         (#) Then the application program must refresh the WWDG counter at regular
  58:../Libraries/STM32F0xx_StdPeriph_Driver/src/stm32f0xx_wwdg.c ****             intervals during normal operation to prevent an MCU reset, using
  59:../Libraries/STM32F0xx_StdPeriph_Driver/src/stm32f0xx_wwdg.c ****             WWDG_SetCounter() function. This operation must occur only when
  60:../Libraries/STM32F0xx_StdPeriph_Driver/src/stm32f0xx_wwdg.c ****             the counter value is lower than the refresh window value, 
  61:../Libraries/STM32F0xx_StdPeriph_Driver/src/stm32f0xx_wwdg.c ****             programmed using WWDG_SetWindowValue().
  62:../Libraries/STM32F0xx_StdPeriph_Driver/src/stm32f0xx_wwdg.c ****   
  63:../Libraries/STM32F0xx_StdPeriph_Driver/src/stm32f0xx_wwdg.c ****   *  @endverbatim
  64:../Libraries/STM32F0xx_StdPeriph_Driver/src/stm32f0xx_wwdg.c ****   *
  65:../Libraries/STM32F0xx_StdPeriph_Driver/src/stm32f0xx_wwdg.c ****   ******************************************************************************
  66:../Libraries/STM32F0xx_StdPeriph_Driver/src/stm32f0xx_wwdg.c ****   * @attention
  67:../Libraries/STM32F0xx_StdPeriph_Driver/src/stm32f0xx_wwdg.c ****   *
  68:../Libraries/STM32F0xx_StdPeriph_Driver/src/stm32f0xx_wwdg.c ****   * <h2><center>&copy; COPYRIGHT 2014 STMicroelectronics</center></h2>
  69:../Libraries/STM32F0xx_StdPeriph_Driver/src/stm32f0xx_wwdg.c ****   *
  70:../Libraries/STM32F0xx_StdPeriph_Driver/src/stm32f0xx_wwdg.c ****   * Licensed under MCD-ST Liberty SW License Agreement V2, (the "License");
  71:../Libraries/STM32F0xx_StdPeriph_Driver/src/stm32f0xx_wwdg.c ****   * You may not use this file except in compliance with the License.
  72:../Libraries/STM32F0xx_StdPeriph_Driver/src/stm32f0xx_wwdg.c ****   * You may obtain a copy of the License at:
  73:../Libraries/STM32F0xx_StdPeriph_Driver/src/stm32f0xx_wwdg.c ****   *
  74:../Libraries/STM32F0xx_StdPeriph_Driver/src/stm32f0xx_wwdg.c ****   *        http://www.st.com/software_license_agreement_liberty_v2
  75:../Libraries/STM32F0xx_StdPeriph_Driver/src/stm32f0xx_wwdg.c ****   *
  76:../Libraries/STM32F0xx_StdPeriph_Driver/src/stm32f0xx_wwdg.c ****   * Unless required by applicable law or agreed to in writing, software 
  77:../Libraries/STM32F0xx_StdPeriph_Driver/src/stm32f0xx_wwdg.c ****   * distributed under the License is distributed on an "AS IS" BASIS, 
  78:../Libraries/STM32F0xx_StdPeriph_Driver/src/stm32f0xx_wwdg.c ****   * WITHOUT WARRANTIES OR CONDITIONS OF ANY KIND, either express or implied.
  79:../Libraries/STM32F0xx_StdPeriph_Driver/src/stm32f0xx_wwdg.c ****   * See the License for the specific language governing permissions and
  80:../Libraries/STM32F0xx_StdPeriph_Driver/src/stm32f0xx_wwdg.c ****   * limitations under the License.
  81:../Libraries/STM32F0xx_StdPeriph_Driver/src/stm32f0xx_wwdg.c ****   *
  82:../Libraries/STM32F0xx_StdPeriph_Driver/src/stm32f0xx_wwdg.c ****   ******************************************************************************
  83:../Libraries/STM32F0xx_StdPeriph_Driver/src/stm32f0xx_wwdg.c ****   */
  84:../Libraries/STM32F0xx_StdPeriph_Driver/src/stm32f0xx_wwdg.c **** 
  85:../Libraries/STM32F0xx_StdPeriph_Driver/src/stm32f0xx_wwdg.c **** /* Includes ------------------------------------------------------------------*/
  86:../Libraries/STM32F0xx_StdPeriph_Driver/src/stm32f0xx_wwdg.c **** #include "stm32f0xx_wwdg.h"
  87:../Libraries/STM32F0xx_StdPeriph_Driver/src/stm32f0xx_wwdg.c **** #include "stm32f0xx_rcc.h"
  88:../Libraries/STM32F0xx_StdPeriph_Driver/src/stm32f0xx_wwdg.c **** 
  89:../Libraries/STM32F0xx_StdPeriph_Driver/src/stm32f0xx_wwdg.c **** /** @addtogroup STM32F0xx_StdPeriph_Driver
  90:../Libraries/STM32F0xx_StdPeriph_Driver/src/stm32f0xx_wwdg.c ****   * @{
  91:../Libraries/STM32F0xx_StdPeriph_Driver/src/stm32f0xx_wwdg.c ****   */
  92:../Libraries/STM32F0xx_StdPeriph_Driver/src/stm32f0xx_wwdg.c **** 
  93:../Libraries/STM32F0xx_StdPeriph_Driver/src/stm32f0xx_wwdg.c **** /** @defgroup WWDG 
  94:../Libraries/STM32F0xx_StdPeriph_Driver/src/stm32f0xx_wwdg.c ****   * @brief WWDG driver modules
  95:../Libraries/STM32F0xx_StdPeriph_Driver/src/stm32f0xx_wwdg.c ****   * @{
  96:../Libraries/STM32F0xx_StdPeriph_Driver/src/stm32f0xx_wwdg.c ****   */
  97:../Libraries/STM32F0xx_StdPeriph_Driver/src/stm32f0xx_wwdg.c **** 
  98:../Libraries/STM32F0xx_StdPeriph_Driver/src/stm32f0xx_wwdg.c **** /* Private typedef -----------------------------------------------------------*/
  99:../Libraries/STM32F0xx_StdPeriph_Driver/src/stm32f0xx_wwdg.c **** /* Private define ------------------------------------------------------------*/
 100:../Libraries/STM32F0xx_StdPeriph_Driver/src/stm32f0xx_wwdg.c **** /* --------------------- WWDG registers bit mask ---------------------------- */
 101:../Libraries/STM32F0xx_StdPeriph_Driver/src/stm32f0xx_wwdg.c **** /* CFR register bit mask */
 102:../Libraries/STM32F0xx_StdPeriph_Driver/src/stm32f0xx_wwdg.c **** #define CFR_WDGTB_MASK    ((uint32_t)0xFFFFFE7F)
 103:../Libraries/STM32F0xx_StdPeriph_Driver/src/stm32f0xx_wwdg.c **** #define CFR_W_MASK        ((uint32_t)0xFFFFFF80)
 104:../Libraries/STM32F0xx_StdPeriph_Driver/src/stm32f0xx_wwdg.c **** #define BIT_MASK          ((uint8_t)0x7F)
 105:../Libraries/STM32F0xx_StdPeriph_Driver/src/stm32f0xx_wwdg.c **** 
 106:../Libraries/STM32F0xx_StdPeriph_Driver/src/stm32f0xx_wwdg.c **** /* Private macro -------------------------------------------------------------*/
 107:../Libraries/STM32F0xx_StdPeriph_Driver/src/stm32f0xx_wwdg.c **** /* Private variables ---------------------------------------------------------*/
 108:../Libraries/STM32F0xx_StdPeriph_Driver/src/stm32f0xx_wwdg.c **** /* Private function prototypes -----------------------------------------------*/
 109:../Libraries/STM32F0xx_StdPeriph_Driver/src/stm32f0xx_wwdg.c **** /* Private functions ---------------------------------------------------------*/
 110:../Libraries/STM32F0xx_StdPeriph_Driver/src/stm32f0xx_wwdg.c **** 
 111:../Libraries/STM32F0xx_StdPeriph_Driver/src/stm32f0xx_wwdg.c **** /** @defgroup WWDG_Private_Functions
 112:../Libraries/STM32F0xx_StdPeriph_Driver/src/stm32f0xx_wwdg.c ****   * @{
 113:../Libraries/STM32F0xx_StdPeriph_Driver/src/stm32f0xx_wwdg.c ****   */
 114:../Libraries/STM32F0xx_StdPeriph_Driver/src/stm32f0xx_wwdg.c **** 
 115:../Libraries/STM32F0xx_StdPeriph_Driver/src/stm32f0xx_wwdg.c **** /** @defgroup WWDG_Group1 Prescaler, Refresh window and Counter configuration functions
 116:../Libraries/STM32F0xx_StdPeriph_Driver/src/stm32f0xx_wwdg.c ****  *  @brief   Prescaler, Refresh window and Counter configuration functions 
 117:../Libraries/STM32F0xx_StdPeriph_Driver/src/stm32f0xx_wwdg.c ****  *
 118:../Libraries/STM32F0xx_StdPeriph_Driver/src/stm32f0xx_wwdg.c **** @verbatim   
 119:../Libraries/STM32F0xx_StdPeriph_Driver/src/stm32f0xx_wwdg.c ****   ==============================================================================
 120:../Libraries/STM32F0xx_StdPeriph_Driver/src/stm32f0xx_wwdg.c ****     ##### Prescaler, Refresh window and Counter configuration functions #####
 121:../Libraries/STM32F0xx_StdPeriph_Driver/src/stm32f0xx_wwdg.c ****   ==============================================================================  
 122:../Libraries/STM32F0xx_StdPeriph_Driver/src/stm32f0xx_wwdg.c **** 
 123:../Libraries/STM32F0xx_StdPeriph_Driver/src/stm32f0xx_wwdg.c **** @endverbatim
 124:../Libraries/STM32F0xx_StdPeriph_Driver/src/stm32f0xx_wwdg.c ****   * @{
 125:../Libraries/STM32F0xx_StdPeriph_Driver/src/stm32f0xx_wwdg.c ****   */
 126:../Libraries/STM32F0xx_StdPeriph_Driver/src/stm32f0xx_wwdg.c **** 
 127:../Libraries/STM32F0xx_StdPeriph_Driver/src/stm32f0xx_wwdg.c **** /**
 128:../Libraries/STM32F0xx_StdPeriph_Driver/src/stm32f0xx_wwdg.c ****   * @brief  Deinitializes the WWDG peripheral registers to their default reset values.
 129:../Libraries/STM32F0xx_StdPeriph_Driver/src/stm32f0xx_wwdg.c ****   * @param  None
 130:../Libraries/STM32F0xx_StdPeriph_Driver/src/stm32f0xx_wwdg.c ****   * @retval None
 131:../Libraries/STM32F0xx_StdPeriph_Driver/src/stm32f0xx_wwdg.c ****   */
 132:../Libraries/STM32F0xx_StdPeriph_Driver/src/stm32f0xx_wwdg.c **** void WWDG_DeInit(void)
 133:../Libraries/STM32F0xx_StdPeriph_Driver/src/stm32f0xx_wwdg.c **** {
  26              		.loc 1 133 0
  27              		.cfi_startproc
  28 0000 08B5     		push	{r3, lr}
  29              	.LCFI0:
  30              		.cfi_def_cfa_offset 8
  31              		.cfi_offset 3, -8
  32              		.cfi_offset 14, -4
 134:../Libraries/STM32F0xx_StdPeriph_Driver/src/stm32f0xx_wwdg.c ****   RCC_APB1PeriphResetCmd(RCC_APB1Periph_WWDG, ENABLE);
  33              		.loc 1 134 0
  34 0002 8021     		mov	r1, #128
  35 0004 0801     		lsl	r0, r1, #4
  36 0006 0121     		mov	r1, #1
  37 0008 FFF7FEFF 		bl	RCC_APB1PeriphResetCmd
 135:../Libraries/STM32F0xx_StdPeriph_Driver/src/stm32f0xx_wwdg.c ****   RCC_APB1PeriphResetCmd(RCC_APB1Periph_WWDG, DISABLE);
  38              		.loc 1 135 0
  39 000c 8020     		mov	r0, #128
  40 000e 0001     		lsl	r0, r0, #4
  41 0010 0021     		mov	r1, #0
  42 0012 FFF7FEFF 		bl	RCC_APB1PeriphResetCmd
  43              		@ sp needed for prologue
 136:../Libraries/STM32F0xx_StdPeriph_Driver/src/stm32f0xx_wwdg.c **** }
  44              		.loc 1 136 0
  45 0016 08BD     		pop	{r3, pc}
  46              		.cfi_endproc
  47              	.LFE33:
  49              		.section	.text.WWDG_SetPrescaler,"ax",%progbits
  50              		.align	1
  51              		.global	WWDG_SetPrescaler
  52              		.code	16
  53              		.thumb_func
  55              	WWDG_SetPrescaler:
  56              	.LFB34:
 137:../Libraries/STM32F0xx_StdPeriph_Driver/src/stm32f0xx_wwdg.c **** 
 138:../Libraries/STM32F0xx_StdPeriph_Driver/src/stm32f0xx_wwdg.c **** /**
 139:../Libraries/STM32F0xx_StdPeriph_Driver/src/stm32f0xx_wwdg.c ****   * @brief  Sets the WWDG Prescaler.
 140:../Libraries/STM32F0xx_StdPeriph_Driver/src/stm32f0xx_wwdg.c ****   * @param  WWDG_Prescaler: specifies the WWDG Prescaler.
 141:../Libraries/STM32F0xx_StdPeriph_Driver/src/stm32f0xx_wwdg.c ****   *          This parameter can be one of the following values:
 142:../Libraries/STM32F0xx_StdPeriph_Driver/src/stm32f0xx_wwdg.c ****   *            @arg WWDG_Prescaler_1: WWDG counter clock = (PCLK1/4096)/1
 143:../Libraries/STM32F0xx_StdPeriph_Driver/src/stm32f0xx_wwdg.c ****   *            @arg WWDG_Prescaler_2: WWDG counter clock = (PCLK1/4096)/2
 144:../Libraries/STM32F0xx_StdPeriph_Driver/src/stm32f0xx_wwdg.c ****   *            @arg WWDG_Prescaler_4: WWDG counter clock = (PCLK1/4096)/4
 145:../Libraries/STM32F0xx_StdPeriph_Driver/src/stm32f0xx_wwdg.c ****   *            @arg WWDG_Prescaler_8: WWDG counter clock = (PCLK1/4096)/8
 146:../Libraries/STM32F0xx_StdPeriph_Driver/src/stm32f0xx_wwdg.c ****   * @retval None
 147:../Libraries/STM32F0xx_StdPeriph_Driver/src/stm32f0xx_wwdg.c ****   */
 148:../Libraries/STM32F0xx_StdPeriph_Driver/src/stm32f0xx_wwdg.c **** void WWDG_SetPrescaler(uint32_t WWDG_Prescaler)
 149:../Libraries/STM32F0xx_StdPeriph_Driver/src/stm32f0xx_wwdg.c **** {
  57              		.loc 1 149 0
  58              		.cfi_startproc
  59              	.LVL0:
 150:../Libraries/STM32F0xx_StdPeriph_Driver/src/stm32f0xx_wwdg.c ****   uint32_t tmpreg = 0;
 151:../Libraries/STM32F0xx_StdPeriph_Driver/src/stm32f0xx_wwdg.c ****   /* Check the parameters */
 152:../Libraries/STM32F0xx_StdPeriph_Driver/src/stm32f0xx_wwdg.c ****   assert_param(IS_WWDG_PRESCALER(WWDG_Prescaler));
 153:../Libraries/STM32F0xx_StdPeriph_Driver/src/stm32f0xx_wwdg.c ****   /* Clear WDGTB[1:0] bits */
 154:../Libraries/STM32F0xx_StdPeriph_Driver/src/stm32f0xx_wwdg.c ****   tmpreg = WWDG->CFR & CFR_WDGTB_MASK;
  60              		.loc 1 154 0
  61 0000 034B     		ldr	r3, .L3
  62 0002 044A     		ldr	r2, .L3+4
  63 0004 5968     		ldr	r1, [r3, #4]
  64              		@ sp needed for prologue
  65 0006 0A40     		and	r2, r1
  66              	.LVL1:
 155:../Libraries/STM32F0xx_StdPeriph_Driver/src/stm32f0xx_wwdg.c ****   /* Set WDGTB[1:0] bits according to WWDG_Prescaler value */
 156:../Libraries/STM32F0xx_StdPeriph_Driver/src/stm32f0xx_wwdg.c ****   tmpreg |= WWDG_Prescaler;
  67              		.loc 1 156 0
  68 0008 1043     		orr	r0, r2
  69              	.LVL2:
 157:../Libraries/STM32F0xx_StdPeriph_Driver/src/stm32f0xx_wwdg.c ****   /* Store the new value */
 158:../Libraries/STM32F0xx_StdPeriph_Driver/src/stm32f0xx_wwdg.c ****   WWDG->CFR = tmpreg;
  70              		.loc 1 158 0
  71 000a 5860     		str	r0, [r3, #4]
 159:../Libraries/STM32F0xx_StdPeriph_Driver/src/stm32f0xx_wwdg.c **** }
  72              		.loc 1 159 0
  73 000c 7047     		bx	lr
  74              	.L4:
  75 000e C046     		.align	2
  76              	.L3:
  77 0010 002C0040 		.word	1073753088
  78 0014 7FFEFFFF 		.word	-385
  79              		.cfi_endproc
  80              	.LFE34:
  82              		.section	.text.WWDG_SetWindowValue,"ax",%progbits
  83              		.align	1
  84              		.global	WWDG_SetWindowValue
  85              		.code	16
  86              		.thumb_func
  88              	WWDG_SetWindowValue:
  89              	.LFB35:
 160:../Libraries/STM32F0xx_StdPeriph_Driver/src/stm32f0xx_wwdg.c **** 
 161:../Libraries/STM32F0xx_StdPeriph_Driver/src/stm32f0xx_wwdg.c **** /**
 162:../Libraries/STM32F0xx_StdPeriph_Driver/src/stm32f0xx_wwdg.c ****   * @brief  Sets the WWDG window value.
 163:../Libraries/STM32F0xx_StdPeriph_Driver/src/stm32f0xx_wwdg.c ****   * @param  WindowValue: specifies the window value to be compared to the downcounter.
 164:../Libraries/STM32F0xx_StdPeriph_Driver/src/stm32f0xx_wwdg.c ****   *          This parameter value must be lower than 0x80.
 165:../Libraries/STM32F0xx_StdPeriph_Driver/src/stm32f0xx_wwdg.c ****   * @retval None
 166:../Libraries/STM32F0xx_StdPeriph_Driver/src/stm32f0xx_wwdg.c ****   */
 167:../Libraries/STM32F0xx_StdPeriph_Driver/src/stm32f0xx_wwdg.c **** void WWDG_SetWindowValue(uint8_t WindowValue)
 168:../Libraries/STM32F0xx_StdPeriph_Driver/src/stm32f0xx_wwdg.c **** {
  90              		.loc 1 168 0
  91              		.cfi_startproc
  92              	.LVL3:
  93 0000 82B0     		sub	sp, sp, #8
  94              	.LCFI1:
  95              		.cfi_def_cfa_offset 8
 169:../Libraries/STM32F0xx_StdPeriph_Driver/src/stm32f0xx_wwdg.c ****   __IO uint32_t tmpreg = 0;
  96              		.loc 1 169 0
  97 0002 0023     		mov	r3, #0
  98 0004 0193     		str	r3, [sp, #4]
  99              	.LVL4:
 170:../Libraries/STM32F0xx_StdPeriph_Driver/src/stm32f0xx_wwdg.c **** 
 171:../Libraries/STM32F0xx_StdPeriph_Driver/src/stm32f0xx_wwdg.c ****   /* Check the parameters */
 172:../Libraries/STM32F0xx_StdPeriph_Driver/src/stm32f0xx_wwdg.c ****   assert_param(IS_WWDG_WINDOW_VALUE(WindowValue));
 173:../Libraries/STM32F0xx_StdPeriph_Driver/src/stm32f0xx_wwdg.c ****   /* Clear W[6:0] bits */
 174:../Libraries/STM32F0xx_StdPeriph_Driver/src/stm32f0xx_wwdg.c **** 
 175:../Libraries/STM32F0xx_StdPeriph_Driver/src/stm32f0xx_wwdg.c ****   tmpreg = WWDG->CFR & CFR_W_MASK;
 100              		.loc 1 175 0
 101 0006 064B     		ldr	r3, .L6
 102 0008 7F22     		mov	r2, #127
 103 000a 5968     		ldr	r1, [r3, #4]
 104 000c 9143     		bic	r1, r2
 105              	.LVL5:
 106 000e 0191     		str	r1, [sp, #4]
 107              	.LVL6:
 176:../Libraries/STM32F0xx_StdPeriph_Driver/src/stm32f0xx_wwdg.c **** 
 177:../Libraries/STM32F0xx_StdPeriph_Driver/src/stm32f0xx_wwdg.c ****   /* Set W[6:0] bits according to WindowValue value */
 178:../Libraries/STM32F0xx_StdPeriph_Driver/src/stm32f0xx_wwdg.c ****   tmpreg |= WindowValue & (uint32_t) BIT_MASK;
 108              		.loc 1 178 0
 109 0010 0199     		ldr	r1, [sp, #4]
 110              	.LVL7:
 111 0012 0240     		and	r2, r0
 112 0014 0A43     		orr	r2, r1
 113              	.LVL8:
 114 0016 0192     		str	r2, [sp, #4]
 115              	.LVL9:
 179:../Libraries/STM32F0xx_StdPeriph_Driver/src/stm32f0xx_wwdg.c **** 
 180:../Libraries/STM32F0xx_StdPeriph_Driver/src/stm32f0xx_wwdg.c ****   /* Store the new value */
 181:../Libraries/STM32F0xx_StdPeriph_Driver/src/stm32f0xx_wwdg.c ****   WWDG->CFR = tmpreg;
 116              		.loc 1 181 0
 117 0018 019A     		ldr	r2, [sp, #4]
 118              	.LVL10:
 119 001a 5A60     		str	r2, [r3, #4]
 182:../Libraries/STM32F0xx_StdPeriph_Driver/src/stm32f0xx_wwdg.c **** }
 120              		.loc 1 182 0
 121 001c 02B0     		add	sp, sp, #8
 122              		@ sp needed for prologue
 123 001e 7047     		bx	lr
 124              	.L7:
 125              		.align	2
 126              	.L6:
 127 0020 002C0040 		.word	1073753088
 128              		.cfi_endproc
 129              	.LFE35:
 131              		.section	.text.WWDG_EnableIT,"ax",%progbits
 132              		.align	1
 133              		.global	WWDG_EnableIT
 134              		.code	16
 135              		.thumb_func
 137              	WWDG_EnableIT:
 138              	.LFB36:
 183:../Libraries/STM32F0xx_StdPeriph_Driver/src/stm32f0xx_wwdg.c **** 
 184:../Libraries/STM32F0xx_StdPeriph_Driver/src/stm32f0xx_wwdg.c **** /**
 185:../Libraries/STM32F0xx_StdPeriph_Driver/src/stm32f0xx_wwdg.c ****   * @brief  Enables the WWDG Early Wakeup interrupt(EWI).
 186:../Libraries/STM32F0xx_StdPeriph_Driver/src/stm32f0xx_wwdg.c ****   * @note   Once enabled this interrupt cannot be disabled except by a system reset. 
 187:../Libraries/STM32F0xx_StdPeriph_Driver/src/stm32f0xx_wwdg.c ****   * @param  None
 188:../Libraries/STM32F0xx_StdPeriph_Driver/src/stm32f0xx_wwdg.c ****   * @retval None
 189:../Libraries/STM32F0xx_StdPeriph_Driver/src/stm32f0xx_wwdg.c ****   */
 190:../Libraries/STM32F0xx_StdPeriph_Driver/src/stm32f0xx_wwdg.c **** void WWDG_EnableIT(void)
 191:../Libraries/STM32F0xx_StdPeriph_Driver/src/stm32f0xx_wwdg.c **** {
 139              		.loc 1 191 0
 140              		.cfi_startproc
 192:../Libraries/STM32F0xx_StdPeriph_Driver/src/stm32f0xx_wwdg.c ****   WWDG->CFR |= WWDG_CFR_EWI;
 141              		.loc 1 192 0
 142 0000 034B     		ldr	r3, .L9
 143 0002 8020     		mov	r0, #128
 144 0004 5968     		ldr	r1, [r3, #4]
 145 0006 8200     		lsl	r2, r0, #2
 146 0008 0A43     		orr	r2, r1
 147 000a 5A60     		str	r2, [r3, #4]
 148              		@ sp needed for prologue
 193:../Libraries/STM32F0xx_StdPeriph_Driver/src/stm32f0xx_wwdg.c **** }
 149              		.loc 1 193 0
 150 000c 7047     		bx	lr
 151              	.L10:
 152 000e C046     		.align	2
 153              	.L9:
 154 0010 002C0040 		.word	1073753088
 155              		.cfi_endproc
 156              	.LFE36:
 158              		.section	.text.WWDG_SetCounter,"ax",%progbits
 159              		.align	1
 160              		.global	WWDG_SetCounter
 161              		.code	16
 162              		.thumb_func
 164              	WWDG_SetCounter:
 165              	.LFB37:
 194:../Libraries/STM32F0xx_StdPeriph_Driver/src/stm32f0xx_wwdg.c **** 
 195:../Libraries/STM32F0xx_StdPeriph_Driver/src/stm32f0xx_wwdg.c **** /**
 196:../Libraries/STM32F0xx_StdPeriph_Driver/src/stm32f0xx_wwdg.c ****   * @brief  Sets the WWDG counter value.
 197:../Libraries/STM32F0xx_StdPeriph_Driver/src/stm32f0xx_wwdg.c ****   * @param  Counter: specifies the watchdog counter value.
 198:../Libraries/STM32F0xx_StdPeriph_Driver/src/stm32f0xx_wwdg.c ****   *          This parameter must be a number between 0x40 and 0x7F (to prevent 
 199:../Libraries/STM32F0xx_StdPeriph_Driver/src/stm32f0xx_wwdg.c ****   *          generating an immediate reset).
 200:../Libraries/STM32F0xx_StdPeriph_Driver/src/stm32f0xx_wwdg.c ****   * @retval None
 201:../Libraries/STM32F0xx_StdPeriph_Driver/src/stm32f0xx_wwdg.c ****   */
 202:../Libraries/STM32F0xx_StdPeriph_Driver/src/stm32f0xx_wwdg.c **** void WWDG_SetCounter(uint8_t Counter)
 203:../Libraries/STM32F0xx_StdPeriph_Driver/src/stm32f0xx_wwdg.c **** {
 166              		.loc 1 203 0
 167              		.cfi_startproc
 168              	.LVL11:
 204:../Libraries/STM32F0xx_StdPeriph_Driver/src/stm32f0xx_wwdg.c ****   /* Check the parameters */
 205:../Libraries/STM32F0xx_StdPeriph_Driver/src/stm32f0xx_wwdg.c ****   assert_param(IS_WWDG_COUNTER(Counter));
 206:../Libraries/STM32F0xx_StdPeriph_Driver/src/stm32f0xx_wwdg.c ****   /* Write to T[6:0] bits to configure the counter value, no need to do
 207:../Libraries/STM32F0xx_StdPeriph_Driver/src/stm32f0xx_wwdg.c ****      a read-modify-write; writing a 0 to WDGA bit does nothing */
 208:../Libraries/STM32F0xx_StdPeriph_Driver/src/stm32f0xx_wwdg.c ****   WWDG->CR = Counter & BIT_MASK;
 169              		.loc 1 208 0
 170 0000 7F21     		mov	r1, #127
 171 0002 024B     		ldr	r3, .L12
 172 0004 0840     		and	r0, r1
 173              	.LVL12:
 174 0006 1860     		str	r0, [r3]
 175              		@ sp needed for prologue
 209:../Libraries/STM32F0xx_StdPeriph_Driver/src/stm32f0xx_wwdg.c **** }
 176              		.loc 1 209 0
 177 0008 7047     		bx	lr
 178              	.L13:
 179 000a C046     		.align	2
 180              	.L12:
 181 000c 002C0040 		.word	1073753088
 182              		.cfi_endproc
 183              	.LFE37:
 185              		.section	.text.WWDG_Enable,"ax",%progbits
 186              		.align	1
 187              		.global	WWDG_Enable
 188              		.code	16
 189              		.thumb_func
 191              	WWDG_Enable:
 192              	.LFB38:
 210:../Libraries/STM32F0xx_StdPeriph_Driver/src/stm32f0xx_wwdg.c **** 
 211:../Libraries/STM32F0xx_StdPeriph_Driver/src/stm32f0xx_wwdg.c **** /**
 212:../Libraries/STM32F0xx_StdPeriph_Driver/src/stm32f0xx_wwdg.c ****   * @}
 213:../Libraries/STM32F0xx_StdPeriph_Driver/src/stm32f0xx_wwdg.c ****   */
 214:../Libraries/STM32F0xx_StdPeriph_Driver/src/stm32f0xx_wwdg.c **** 
 215:../Libraries/STM32F0xx_StdPeriph_Driver/src/stm32f0xx_wwdg.c **** /** @defgroup WWDG_Group2 WWDG activation functions
 216:../Libraries/STM32F0xx_StdPeriph_Driver/src/stm32f0xx_wwdg.c ****  *  @brief   WWDG activation functions 
 217:../Libraries/STM32F0xx_StdPeriph_Driver/src/stm32f0xx_wwdg.c ****  *
 218:../Libraries/STM32F0xx_StdPeriph_Driver/src/stm32f0xx_wwdg.c **** @verbatim   
 219:../Libraries/STM32F0xx_StdPeriph_Driver/src/stm32f0xx_wwdg.c ****   ==============================================================================
 220:../Libraries/STM32F0xx_StdPeriph_Driver/src/stm32f0xx_wwdg.c ****                      ##### WWDG activation function #####
 221:../Libraries/STM32F0xx_StdPeriph_Driver/src/stm32f0xx_wwdg.c ****   ==============================================================================  
 222:../Libraries/STM32F0xx_StdPeriph_Driver/src/stm32f0xx_wwdg.c **** 
 223:../Libraries/STM32F0xx_StdPeriph_Driver/src/stm32f0xx_wwdg.c **** @endverbatim
 224:../Libraries/STM32F0xx_StdPeriph_Driver/src/stm32f0xx_wwdg.c ****   * @{
 225:../Libraries/STM32F0xx_StdPeriph_Driver/src/stm32f0xx_wwdg.c ****   */
 226:../Libraries/STM32F0xx_StdPeriph_Driver/src/stm32f0xx_wwdg.c **** 
 227:../Libraries/STM32F0xx_StdPeriph_Driver/src/stm32f0xx_wwdg.c **** /**
 228:../Libraries/STM32F0xx_StdPeriph_Driver/src/stm32f0xx_wwdg.c ****   * @brief  Enables WWDG and load the counter value.                  
 229:../Libraries/STM32F0xx_StdPeriph_Driver/src/stm32f0xx_wwdg.c ****   * @param  Counter: specifies the watchdog counter value.
 230:../Libraries/STM32F0xx_StdPeriph_Driver/src/stm32f0xx_wwdg.c ****   *          This parameter must be a number between 0x40 and 0x7F (to prevent 
 231:../Libraries/STM32F0xx_StdPeriph_Driver/src/stm32f0xx_wwdg.c ****   *          generating an immediate reset).
 232:../Libraries/STM32F0xx_StdPeriph_Driver/src/stm32f0xx_wwdg.c ****   * @retval None
 233:../Libraries/STM32F0xx_StdPeriph_Driver/src/stm32f0xx_wwdg.c ****   */
 234:../Libraries/STM32F0xx_StdPeriph_Driver/src/stm32f0xx_wwdg.c **** void WWDG_Enable(uint8_t Counter)
 235:../Libraries/STM32F0xx_StdPeriph_Driver/src/stm32f0xx_wwdg.c **** {
 193              		.loc 1 235 0
 194              		.cfi_startproc
 195              	.LVL13:
 236:../Libraries/STM32F0xx_StdPeriph_Driver/src/stm32f0xx_wwdg.c ****   /* Check the parameters */
 237:../Libraries/STM32F0xx_StdPeriph_Driver/src/stm32f0xx_wwdg.c ****   assert_param(IS_WWDG_COUNTER(Counter));
 238:../Libraries/STM32F0xx_StdPeriph_Driver/src/stm32f0xx_wwdg.c ****   WWDG->CR = WWDG_CR_WDGA | Counter;
 196              		.loc 1 238 0
 197 0000 8021     		mov	r1, #128
 198 0002 024B     		ldr	r3, .L15
 199 0004 0843     		orr	r0, r1
 200              	.LVL14:
 201 0006 1860     		str	r0, [r3]
 202              		@ sp needed for prologue
 239:../Libraries/STM32F0xx_StdPeriph_Driver/src/stm32f0xx_wwdg.c **** }
 203              		.loc 1 239 0
 204 0008 7047     		bx	lr
 205              	.L16:
 206 000a C046     		.align	2
 207              	.L15:
 208 000c 002C0040 		.word	1073753088
 209              		.cfi_endproc
 210              	.LFE38:
 212              		.section	.text.WWDG_GetFlagStatus,"ax",%progbits
 213              		.align	1
 214              		.global	WWDG_GetFlagStatus
 215              		.code	16
 216              		.thumb_func
 218              	WWDG_GetFlagStatus:
 219              	.LFB39:
 240:../Libraries/STM32F0xx_StdPeriph_Driver/src/stm32f0xx_wwdg.c **** 
 241:../Libraries/STM32F0xx_StdPeriph_Driver/src/stm32f0xx_wwdg.c **** /**
 242:../Libraries/STM32F0xx_StdPeriph_Driver/src/stm32f0xx_wwdg.c ****   * @}
 243:../Libraries/STM32F0xx_StdPeriph_Driver/src/stm32f0xx_wwdg.c ****   */
 244:../Libraries/STM32F0xx_StdPeriph_Driver/src/stm32f0xx_wwdg.c **** 
 245:../Libraries/STM32F0xx_StdPeriph_Driver/src/stm32f0xx_wwdg.c **** /** @defgroup WWDG_Group3 Interrupts and flags management functions
 246:../Libraries/STM32F0xx_StdPeriph_Driver/src/stm32f0xx_wwdg.c ****  *  @brief   Interrupts and flags management functions 
 247:../Libraries/STM32F0xx_StdPeriph_Driver/src/stm32f0xx_wwdg.c ****  *
 248:../Libraries/STM32F0xx_StdPeriph_Driver/src/stm32f0xx_wwdg.c **** @verbatim   
 249:../Libraries/STM32F0xx_StdPeriph_Driver/src/stm32f0xx_wwdg.c ****   ==============================================================================
 250:../Libraries/STM32F0xx_StdPeriph_Driver/src/stm32f0xx_wwdg.c ****                 ##### Interrupts and flags management functions #####
 251:../Libraries/STM32F0xx_StdPeriph_Driver/src/stm32f0xx_wwdg.c ****   ==============================================================================  
 252:../Libraries/STM32F0xx_StdPeriph_Driver/src/stm32f0xx_wwdg.c **** 
 253:../Libraries/STM32F0xx_StdPeriph_Driver/src/stm32f0xx_wwdg.c **** @endverbatim
 254:../Libraries/STM32F0xx_StdPeriph_Driver/src/stm32f0xx_wwdg.c ****   * @{
 255:../Libraries/STM32F0xx_StdPeriph_Driver/src/stm32f0xx_wwdg.c ****   */
 256:../Libraries/STM32F0xx_StdPeriph_Driver/src/stm32f0xx_wwdg.c **** 
 257:../Libraries/STM32F0xx_StdPeriph_Driver/src/stm32f0xx_wwdg.c **** /**
 258:../Libraries/STM32F0xx_StdPeriph_Driver/src/stm32f0xx_wwdg.c ****   * @brief  Checks whether the Early Wakeup interrupt flag is set or not.
 259:../Libraries/STM32F0xx_StdPeriph_Driver/src/stm32f0xx_wwdg.c ****   * @param  None
 260:../Libraries/STM32F0xx_StdPeriph_Driver/src/stm32f0xx_wwdg.c ****   * @retval The new state of the Early Wakeup interrupt flag (SET or RESET).
 261:../Libraries/STM32F0xx_StdPeriph_Driver/src/stm32f0xx_wwdg.c ****   */
 262:../Libraries/STM32F0xx_StdPeriph_Driver/src/stm32f0xx_wwdg.c **** FlagStatus WWDG_GetFlagStatus(void)
 263:../Libraries/STM32F0xx_StdPeriph_Driver/src/stm32f0xx_wwdg.c **** {
 220              		.loc 1 263 0
 221              		.cfi_startproc
 222              	.LVL15:
 264:../Libraries/STM32F0xx_StdPeriph_Driver/src/stm32f0xx_wwdg.c ****   FlagStatus bitstatus = RESET;
 265:../Libraries/STM32F0xx_StdPeriph_Driver/src/stm32f0xx_wwdg.c ****     
 266:../Libraries/STM32F0xx_StdPeriph_Driver/src/stm32f0xx_wwdg.c ****   if ((WWDG->SR) != (uint32_t)RESET)
 223              		.loc 1 266 0
 224 0000 024B     		ldr	r3, .L18
 225              		@ sp needed for prologue
 226 0002 9868     		ldr	r0, [r3, #8]
 227              	.LVL16:
 267:../Libraries/STM32F0xx_StdPeriph_Driver/src/stm32f0xx_wwdg.c ****   {
 268:../Libraries/STM32F0xx_StdPeriph_Driver/src/stm32f0xx_wwdg.c ****     bitstatus = SET;
 269:../Libraries/STM32F0xx_StdPeriph_Driver/src/stm32f0xx_wwdg.c ****   }
 270:../Libraries/STM32F0xx_StdPeriph_Driver/src/stm32f0xx_wwdg.c ****   else
 271:../Libraries/STM32F0xx_StdPeriph_Driver/src/stm32f0xx_wwdg.c ****   {
 272:../Libraries/STM32F0xx_StdPeriph_Driver/src/stm32f0xx_wwdg.c ****     bitstatus = RESET;
 273:../Libraries/STM32F0xx_StdPeriph_Driver/src/stm32f0xx_wwdg.c ****   }
 274:../Libraries/STM32F0xx_StdPeriph_Driver/src/stm32f0xx_wwdg.c ****   return bitstatus;
 228              		.loc 1 274 0
 229 0004 431E     		sub	r3, r0, #1
 230 0006 9841     		sbc	r0, r0, r3
 231              	.LVL17:
 275:../Libraries/STM32F0xx_StdPeriph_Driver/src/stm32f0xx_wwdg.c **** }
 232              		.loc 1 275 0
 233 0008 7047     		bx	lr
 234              	.L19:
 235 000a C046     		.align	2
 236              	.L18:
 237 000c 002C0040 		.word	1073753088
 238              		.cfi_endproc
 239              	.LFE39:
 241              		.section	.text.WWDG_ClearFlag,"ax",%progbits
 242              		.align	1
 243              		.global	WWDG_ClearFlag
 244              		.code	16
 245              		.thumb_func
 247              	WWDG_ClearFlag:
 248              	.LFB40:
 276:../Libraries/STM32F0xx_StdPeriph_Driver/src/stm32f0xx_wwdg.c **** 
 277:../Libraries/STM32F0xx_StdPeriph_Driver/src/stm32f0xx_wwdg.c **** /**
 278:../Libraries/STM32F0xx_StdPeriph_Driver/src/stm32f0xx_wwdg.c ****   * @brief  Clears Early Wakeup interrupt flag.
 279:../Libraries/STM32F0xx_StdPeriph_Driver/src/stm32f0xx_wwdg.c ****   * @param  None
 280:../Libraries/STM32F0xx_StdPeriph_Driver/src/stm32f0xx_wwdg.c ****   * @retval None
 281:../Libraries/STM32F0xx_StdPeriph_Driver/src/stm32f0xx_wwdg.c ****   */
 282:../Libraries/STM32F0xx_StdPeriph_Driver/src/stm32f0xx_wwdg.c **** void WWDG_ClearFlag(void)
 283:../Libraries/STM32F0xx_StdPeriph_Driver/src/stm32f0xx_wwdg.c **** {
 249              		.loc 1 283 0
 250              		.cfi_startproc
 284:../Libraries/STM32F0xx_StdPeriph_Driver/src/stm32f0xx_wwdg.c ****   WWDG->SR = (uint32_t)RESET;
 251              		.loc 1 284 0
 252 0000 014B     		ldr	r3, .L21
 253 0002 0022     		mov	r2, #0
 254 0004 9A60     		str	r2, [r3, #8]
 255              		@ sp needed for prologue
 285:../Libraries/STM32F0xx_StdPeriph_Driver/src/stm32f0xx_wwdg.c **** }
 256              		.loc 1 285 0
 257 0006 7047     		bx	lr
 258              	.L22:
 259              		.align	2
 260              	.L21:
 261 0008 002C0040 		.word	1073753088
 262              		.cfi_endproc
 263              	.LFE40:
 265              		.text
 266              	.Letext0:
 267              		.file 2 "c:\\eclipseindigo\\codesourcery\\sourcery_codebench_lite_for_arm_eabi\\bin\\../lib/gcc/ar
 268              		.file 3 "C:\\Working\\CURRENT_PROJECT\\SKYBOX\\skysoft_lls_stm32f030c8t6\\main_code\\Source/stm32f
DEFINED SYMBOLS
                            *ABS*:00000000 stm32f0xx_wwdg.c
C:\Users\khanh\AppData\Local\Temp\ccdhNn8u.s:18     .text.WWDG_DeInit:00000000 $t
C:\Users\khanh\AppData\Local\Temp\ccdhNn8u.s:23     .text.WWDG_DeInit:00000000 WWDG_DeInit
C:\Users\khanh\AppData\Local\Temp\ccdhNn8u.s:50     .text.WWDG_SetPrescaler:00000000 $t
C:\Users\khanh\AppData\Local\Temp\ccdhNn8u.s:55     .text.WWDG_SetPrescaler:00000000 WWDG_SetPrescaler
C:\Users\khanh\AppData\Local\Temp\ccdhNn8u.s:77     .text.WWDG_SetPrescaler:00000010 $d
C:\Users\khanh\AppData\Local\Temp\ccdhNn8u.s:83     .text.WWDG_SetWindowValue:00000000 $t
C:\Users\khanh\AppData\Local\Temp\ccdhNn8u.s:88     .text.WWDG_SetWindowValue:00000000 WWDG_SetWindowValue
C:\Users\khanh\AppData\Local\Temp\ccdhNn8u.s:127    .text.WWDG_SetWindowValue:00000020 $d
C:\Users\khanh\AppData\Local\Temp\ccdhNn8u.s:132    .text.WWDG_EnableIT:00000000 $t
C:\Users\khanh\AppData\Local\Temp\ccdhNn8u.s:137    .text.WWDG_EnableIT:00000000 WWDG_EnableIT
C:\Users\khanh\AppData\Local\Temp\ccdhNn8u.s:154    .text.WWDG_EnableIT:00000010 $d
C:\Users\khanh\AppData\Local\Temp\ccdhNn8u.s:159    .text.WWDG_SetCounter:00000000 $t
C:\Users\khanh\AppData\Local\Temp\ccdhNn8u.s:164    .text.WWDG_SetCounter:00000000 WWDG_SetCounter
C:\Users\khanh\AppData\Local\Temp\ccdhNn8u.s:181    .text.WWDG_SetCounter:0000000c $d
C:\Users\khanh\AppData\Local\Temp\ccdhNn8u.s:186    .text.WWDG_Enable:00000000 $t
C:\Users\khanh\AppData\Local\Temp\ccdhNn8u.s:191    .text.WWDG_Enable:00000000 WWDG_Enable
C:\Users\khanh\AppData\Local\Temp\ccdhNn8u.s:208    .text.WWDG_Enable:0000000c $d
C:\Users\khanh\AppData\Local\Temp\ccdhNn8u.s:213    .text.WWDG_GetFlagStatus:00000000 $t
C:\Users\khanh\AppData\Local\Temp\ccdhNn8u.s:218    .text.WWDG_GetFlagStatus:00000000 WWDG_GetFlagStatus
C:\Users\khanh\AppData\Local\Temp\ccdhNn8u.s:237    .text.WWDG_GetFlagStatus:0000000c $d
C:\Users\khanh\AppData\Local\Temp\ccdhNn8u.s:242    .text.WWDG_ClearFlag:00000000 $t
C:\Users\khanh\AppData\Local\Temp\ccdhNn8u.s:247    .text.WWDG_ClearFlag:00000000 WWDG_ClearFlag
C:\Users\khanh\AppData\Local\Temp\ccdhNn8u.s:261    .text.WWDG_ClearFlag:00000008 $d
                     .debug_frame:00000010 $d

UNDEFINED SYMBOLS
RCC_APB1PeriphResetCmd
